<?xml version="1.0" encoding="utf-8"?><testsuites name="pytest tests"><testsuite name="pytest" errors="0" failures="0" skipped="0" tests="155" time="34.423" timestamp="2026-09-01T11:24:21.596173+00:00" hostname="runnervmeef0v"><testcase classname="tests.gui.test_collar_field_mapping" name="test_m10_collars_preview_and_stage_use_the_same_automatic_mapping" time="0.042" /><testcase classname="tests.gui.test_collar_field_mapping" name="test_standard_field_cells_have_one_combo_after_ten_previews_for_every_data_type" time="1.191" /><testcase classname="tests.gui.test_collar_field_mapping" name="test_switching_collars_and_surveys_removes_old_mapping_widgets" time="0.067" /><testcase classname="tests.gui.test_collar_field_mapping" name="test_m7_dialog_uses_the_same_m10_collar_alias_mapping" time="0.022" /><testcase classname="tests.gui.test_collar_field_mapping" name="test_m8_dialog_blocks_missing_required_and_reports_ambiguous_mapping" time="0.032" /><testcase classname="tests.gui.test_gui_smoke.TestMainWindowCreation" name="test_main_window_created" time="0.113" /><testcase classname="tests.gui.test_gui_smoke.TestMainWindowCreation" name="test_status_bar_exists" time="0.129" /><testcase classname="tests.gui.test_gui_smoke.TestMainWindowCreation" name="test_menu_bar_exists" time="0.135" /><testcase classname="tests.gui.test_gui_smoke.TestMainWindowCreation" name="test_project_tree_exists" time="0.112" /><testcase classname="tests.gui.test_gui_smoke.TestMainWindowCreation" name="test_log_message_works" time="0.107" /><testcase classname="tests.gui.test_gui_smoke.TestMainWindowCreation" name="test_set_status_works" time="0.121" /><testcase classname="tests.gui.test_gui_smoke.TestNewProjectAndSave" name="test_new_project_creates_state" time="0.140" /><testcase classname="tests.gui.test_gui_smoke.TestNewProjectAndSave" name="test_save_dfproj_via_model" time="0.136" /><testcase classname="tests.gui.test_gui_smoke.TestNewProjectAndSave" name="test_save_and_reopen_with_data" time="0.160" /><testcase classname="tests.gui.test_gui_smoke.TestMainWindowClose" name="test_window_closes_cleanly" time="0.117" /><testcase classname="tests.gui.test_gui_smoke.TestMainWindowClose" name="test_second_window_also_closes" time="0.071" /><testcase classname="tests.gui.test_gui_smoke.TestDataImport" name="test_import_demo_data" time="0.027" /><testcase classname="tests.gui.test_gui_smoke.TestRenderCallsAvailable" name="test_render_bounds_box_callable" time="0.124" /><testcase classname="tests.gui.test_gui_smoke.TestRenderCallsAvailable" name="test_load_project_callable" time="0.112" /><testcase classname="tests.gui.test_gui_smoke.TestRenderCallsAvailable" name="test_save_project_to_callable" time="0.119" /><testcase classname="tests.gui.test_gui_smoke.TestRenderCallsAvailable" name="test_restore_project_to_ui_callable" time="0.112" /><testcase classname="tests.gui.test_gui_smoke.TestRenderCallsAvailable" name="test_fake_plotter_has_required_methods" time="0.136" /><testcase classname="tests.gui.test_i18n" name="test_system_default_language_selection" time="0.002" /><testcase classname="tests.gui.test_i18n" name="test_preference_survives_manager_restart_and_missing_catalog_falls_back" time="0.040" /><testcase classname="tests.gui.test_i18n" name="test_main_window_language_menu_switches_without_project_mutation" time="0.117" /><testcase classname="tests.gui.test_i18n" name="test_m10_m11_stable_combo_values_and_science_survive_translation" time="0.079" /><testcase classname="tests.gui.test_i18n" name="test_language_switching_is_disabled_while_busy" time="0.068" /><testcase classname="tests.gui.test_i18n" name="test_translation_resources_are_packaged" time="0.002" /><testcase classname="tests.gui.test_i18n" name="test_main_window_construction_does_not_retranslate_unrelated_windows" time="0.076" /><testcase classname="tests.gui.test_i18n" name="test_retranslate_tree_skips_destroyed_child_wrapper" time="0.003" /><testcase classname="tests.gui.test_i18n" name="test_closed_window_is_skipped_but_visible_window_is_retranslated" time="0.004" /><testcase classname="tests.gui.test_i18n" name="test_language_switch_skips_window_queued_for_deferred_deletion" time="0.003" /><testcase classname="tests.gui.test_i18n" name="test_repeated_window_lifecycle_and_language_switching_is_stable" time="5.534" /><testcase classname="tests.gui.test_i18n" name="test_language_is_not_serialized_and_save_reopen_is_identical" time="0.023" /><testcase classname="tests.gui.test_joint_set_cluster_count" name="test_identify_button_displays_exact_requested_rows[4]" time="0.350" /><testcase classname="tests.gui.test_joint_set_cluster_count" name="test_identify_button_displays_exact_requested_rows[5]" time="0.053" /><testcase classname="tests.gui.test_joint_set_cluster_count" name="test_identify_button_displays_exact_requested_rows[6]" time="0.054" /><testcase classname="tests.gui.test_m10_config_validation" name="test_invalid_auto_config_cannot_commit_in_either_language[en]" time="0.044" /><testcase classname="tests.gui.test_m10_config_validation" name="test_invalid_auto_config_cannot_commit_in_either_language[zh_CN]" time="0.035" /><testcase classname="tests.gui.test_m10_config_validation" name="test_manual_mode_ignores_unused_auto_relation_but_switching_back_revalidates" time="0.025" /><testcase classname="tests.gui.test_m10_config_validation" name="test_wheel_event_does_not_change_scientific_spinbox_or_combo" time="0.062" /><testcase classname="tests.gui.test_m10_dialog" name="test_generate_button_then_ok_commits_complete_realization" time="0.031" /><testcase classname="tests.gui.test_m10_dialog" name="test_cancel_after_generation_rolls_back_project" time="0.029" /><testcase classname="tests.gui.test_m10_dialog" name="test_render_buttons_replace_actor_and_display_does_not_change_science" time="0.057" /><testcase classname="tests.gui.test_m10_dialog" name="test_layer_buttons_are_safe_without_selection" time="0.024" /><testcase classname="tests.gui.test_m10_dialog" name="test_multiscale_controls_defaults_manual_switch_estimate_and_color_modes" time="0.041" /><testcase classname="tests.gui.test_m10_dialog" name="test_outside_deterministic_import_warns_through_real_button" time="0.027" /><testcase classname="tests.gui.test_m10_dialog" name="test_render_modes_rebuild_without_duplicate_actors_or_visible_counts" time="0.038" /><testcase classname="tests.gui.test_m11_dialog" name="test_compute_button_then_ok_commits_complete_result" time="0.083" /><testcase classname="tests.gui.test_m11_dialog" name="test_cancel_after_compute_removes_only_pending_layers" time="0.086" /><testcase classname="tests.gui.test_m11_dialog" name="test_running_cancel_reports_request_stopping_and_stopped_states" time="0.027" /><testcase classname="tests.gui.test_m11_dialog" name="test_same_slice_rendered_ten_times_has_one_actor_and_record" time="0.072" /><testcase classname="tests.gui.test_m11_dialog" name="test_three_fields_coexist_and_layer_operations_preserve_science" time="0.080" /><testcase classname="tests.gui.test_m11_dialog" name="test_clear_current_and_clear_all_preserve_other_namespaces" time="0.076" /><testcase classname="tests.gui.test_m11_dialog" name="test_no_selection_buttons_are_safe_and_render_failure_is_not_registered" time="0.069" /><testcase classname="tests.gui.test_m11_dialog" name="test_four_display_modes_controls_and_cancel_preserve_science" time="0.083" /><testcase classname="tests.gui.test_m11_dialog" name="test_m10_invalidation_clears_stale_m11_layers" time="0.067" /><testcase classname="tests.gui.test_m11_visualization_panel" name="test_dock_is_non_modal_scrollable_and_reopenable" time="0.151" /><testcase classname="tests.gui.test_m11_visualization_panel" name="test_xyz_sections_sync_and_same_slots_do_not_accumulate" time="0.147" /><testcase classname="tests.gui.test_m11_visualization_panel" name="test_xyz_slider_numeric_and_widget_remain_bidirectional_for_50_alternations" time="0.315" /><testcase classname="tests.gui.test_m11_visualization_panel" name="test_arbitrary_inputs_widget_reset_and_axis_presets_are_bidirectional" time="0.127" /><testcase classname="tests.gui.test_m11_visualization_panel" name="test_cutaway_flip_exposes_internal_surface_and_uses_one_live_slot" time="0.130" /><testcase classname="tests.gui.test_m11_visualization_panel" name="test_snapshot_is_explicit_and_arbitrary_zero_normal_is_rejected" time="0.125" /><testcase classname="tests.gui.test_m11_visualization_panel" name="test_box_cutaway_numeric_widget_sync_and_50_moves_preserve_other_namespaces" time="0.521" /><testcase classname="tests.gui.test_m11_visualization_panel" name="test_box_cutaway_snap_reset_handle_and_snapshot_lifecycle" time="0.144" /><testcase classname="tests.gui.test_m11_visualization_panel" name="test_reset_box_to_authoritative_domain_ten_times_keeps_one_synchronized_live_slot" time="0.211" /><testcase classname="tests.gui.test_m11_visualization_panel" name="test_layer_hide_remove_clear_and_opacity_are_display_only" time="0.135" /><testcase classname="tests.gui.test_m11_visualization_panel" name="test_invalid_or_stale_result_disables_controls" time="0.119" /><testcase classname="tests.gui.test_m11_visualization_panel" name="test_close_reopen_restores_one_handle_without_duplicate_registration" time="0.209" /><testcase classname="tests.gui.test_m11_visualization_panel" name="test_m10_invalidation_clears_only_m11_resources" time="0.206" /><testcase classname="tests.gui.test_m11_visualization_panel" name="test_main_window_exposes_m11_visualization_menu_and_lifecycle" time="0.127" /><testcase classname="tests.gui.test_m11_visualization_panel" name="test_new_and_open_project_clear_prior_m11_session_layers" time="0.287" /><testcase classname="tests.gui.test_m7_dialog_lifecycle.TestDomainDialog" name="test_global_shows_11_rows" time="0.054" /><testcase classname="tests.gui.test_m7_dialog_lifecycle.TestDomainDialog" name="test_domain1_shows_5_rows" time="0.100" /><testcase classname="tests.gui.test_m7_dialog_lifecycle.TestDomainDialog" name="test_domain2_shows_5_rows" time="0.108" /><testcase classname="tests.gui.test_m7_dialog_lifecycle.TestDomainDialog" name="test_domain3_shows_1_row" time="0.108" /><testcase classname="tests.gui.test_m7_dialog_lifecycle.TestDomainDialog" name="test_intervals_persist_across_dialog_reopen" time="0.061" /><testcase classname="tests.gui.test_m7_dialog_lifecycle.TestDomainDialog" name="test_cancel_discards_domain_edits" time="0.047" /><testcase classname="tests.gui.test_m7_dialog_lifecycle.TestDomainDialog" name="test_overlapping_domain_blocks_commit_and_workflow" time="0.047" /><testcase classname="tests.gui.test_m7_dialog_lifecycle.TestHoldoutDialog" name="test_holdout_state_persists_across_dialog_reopen" time="0.051" /><testcase classname="tests.gui.test_m7_dialog_lifecycle.TestHoldoutDialog" name="test_manual_selection_and_lock" time="0.163" /><testcase classname="tests.gui.test_m7_dialog_lifecycle.TestHoldoutDialog" name="test_cancel_discards_holdout_and_workflow_changes" time="0.048" /><testcase classname="tests.gui.test_m7_dialog_lifecycle.TestCleaningDialog" name="test_check_phase_is_idempotent" time="0.142" /><testcase classname="tests.gui.test_m7_dialog_lifecycle.TestCleaningDialog" name="test_close_reopen_does_not_duplicate" time="0.239" /><testcase classname="tests.gui.test_m7_dialog_lifecycle.TestImportAndJointSetPendingState" name="test_fracture_import_cancel_and_repeat_leave_project_unchanged" time="0.060" /><testcase classname="tests.gui.test_m7_dialog_lifecycle.TestImportAndJointSetPendingState" name="test_fracture_import_report_and_audit_rows" time="0.027" /><testcase classname="tests.gui.test_m7_dialog_lifecycle.TestImportAndJointSetPendingState" name="test_five_boreholes_can_identify_joint_sets" time="0.048" /><testcase classname="tests.gui.test_m7_dialog_lifecycle.TestImportAndJointSetPendingState" name="test_accept_auto_fixes_then_ok_produces_148" time="0.333" /><testcase classname="tests.gui.test_m7_dialog_lifecycle.TestImportAndJointSetPendingState" name="test_reopen_after_accept_still_148" time="0.315" /><testcase classname="tests.gui.test_m7_dialog_lifecycle.TestImportAndJointSetPendingState" name="test_filtered_exclusion_uses_issue_identity_and_removes_invalid_data" time="0.098" /><testcase classname="tests.gui.test_m7_final_validation.TestCSVFieldMapping" name="test_nonstandard_csv_imports_correct_boreholes" time="0.158" /><testcase classname="tests.gui.test_m7_final_validation.TestCSVFieldMapping" name="test_missing_required_blocks_import" time="0.076" /><testcase classname="tests.gui.test_m7_final_validation.TestXLSXImport" name="test_xlsx_collars_import" time="0.451" /><testcase classname="tests.gui.test_m7_final_validation.TestXLSXImport" name="test_xlsx_all_five_types" time="0.423" /><testcase classname="tests.gui.test_m7_final_validation.TestStructuralDomainPersistence" name="test_domain_properties_roundtrip" time="0.442" /><testcase classname="tests.gui.test_m7_final_validation.TestStructuralDomainPersistence" name="test_domain4_without_intervals_persists" time="0.423" /><testcase classname="tests.gui.test_m7_final_validation.TestMainWindowRoundTrip" name="test_save_as_new_open_save_preserves_all_state" time="2.649" /><testcase classname="tests.gui.test_m7_final_validation.TestJointSetReproducibility" name="test_identical_seed_produces_identical_counts" time="0.103" /><testcase classname="tests.gui.test_m7_final_validation.TestJointSetReproducibility" name="test_different_seed_assigns_all_calibration_fractures" time="0.067" /><testcase classname="tests.gui.test_m7_mainwindow_roundtrip.TestMainWindowRoundTrip" name="test_save_open_roundtrip_restores_all_state" time="0.423" /><testcase classname="tests.gui.test_m7_mainwindow_roundtrip.TestMainWindowRoundTrip" name="test_mainwindow_adopt_project_after_open" time="0.426" /><testcase classname="tests.gui.test_m7_mainwindow_roundtrip.TestMainWindowRoundTrip" name="test_dfnproj_save_as_then_save_remains_zip" time="0.807" /><testcase classname="tests.gui.test_m7_mainwindow_roundtrip.TestMainWindowRoundTrip" name="test_dfnproj_auto_save_remains_zip" time="0.712" /><testcase classname="tests.gui.test_m7_mainwindow_roundtrip.TestMainWindowRoundTrip" name="test_accepted_m7_dialog_marks_project_dirty[holdout]" time="0.110" /><testcase classname="tests.gui.test_m7_mainwindow_roundtrip.TestMainWindowRoundTrip" name="test_accepted_m7_dialog_marks_project_dirty[domains]" time="0.115" /><testcase classname="tests.gui.test_m7_mainwindow_roundtrip.TestMainWindowRoundTrip" name="test_accepted_m7_dialog_marks_project_dirty[joint_sets]" time="0.112" /><testcase classname="tests.gui.test_m7_mainwindow_roundtrip.TestNewProjectClears" name="test_new_project_resets_workflow" time="0.135" /><testcase classname="tests.gui.test_m7_mainwindow_roundtrip.TestNewProjectClears" name="test_new_project_clears_boreholes" time="0.123" /><testcase classname="tests.gui.test_m7_mainwindow_roundtrip.TestNewProjectClears" name="test_new_project_clears_fake_plotter_actors" time="0.075" /><testcase classname="tests.gui.test_m8_database_ui" name="test_database_panel_displays_real_rows_fields_and_counts" time="0.013" /><testcase classname="tests.gui.test_m8_database_ui" name="test_import_dialog_cancel_restores_project" time="0.011" /><testcase classname="tests.gui.test_m8_database_ui" name="test_staged_import_cancel_does_not_stale_workflow" time="0.010" /><testcase classname="tests.gui.test_m8_database_ui" name="test_import_dialog_accept_reports_committed_change" time="0.010" /><testcase classname="tests.gui.test_m8_database_ui" name="test_panel_cancel_keeps_clean_and_accepted_change_marks_dirty" time="0.018" /><testcase classname="tests.gui.test_m8_database_ui" name="test_quality_dialog_is_real_transactional_interface" time="0.015" /><testcase classname="tests.gui.test_m8_database_ui" name="test_quality_buttons_apply_demo_fixes_once_and_refresh_real_table" time="0.628" /><testcase classname="tests.gui.test_m8_database_ui" name="test_quality_button_batch_failure_rolls_back_database_issues_and_workflow" time="0.323" /><testcase classname="tests.gui.test_m8_database_ui" name="test_quality_path_a_auto_fix_then_ok_returns_to_main_window" time="0.683" /><testcase classname="tests.gui.test_m8_database_ui" name="test_quality_path_b_auto_fix_confirm_exclusions_then_ok_returns" time="0.604" /><testcase classname="tests.gui.test_m8_database_ui" name="test_quality_path_c_complete_then_ok_keeps_main_interactive_without_auto_holdout" time="0.667" /><testcase classname="tests.gui.test_m8_database_ui" name="test_workflow_data_quality_entry_opens_quality_dialog" time="0.083" /><testcase classname="tests.gui.test_m8_database_ui" name="test_new_project_save_routes_to_save_as" time="0.074" /><testcase classname="tests.gui.test_m8_database_ui" name="test_recent_dfnproj_uses_unified_load_and_restores_state" time="0.091" /><testcase classname="tests.gui.test_m8_database_ui" name="test_bounds_and_voxel_workflow_confirm_independently" time="0.083" /><testcase classname="tests.gui.test_m9_dip_only_ui" name="test_import_dialog_without_direction_column_marks_dip_only_and_required_fields" time="0.032" /><testcase classname="tests.gui.test_m9_dip_only_ui" name="test_import_dialog_cancel_rolls_back_dip_only_rows" time="0.028" /><testcase classname="tests.gui.test_m9_dip_only_ui" name="test_mode_a_table_shows_dip_only_only_set_without_fake_orientation" time="0.007" /><testcase classname="tests.gui.test_m9_layer_management" name="test_render_replace_and_all_layer_buttons_preserve_science" time="0.097" /><testcase classname="tests.gui.test_m9_layer_management" name="test_visible_checkbox_and_no_selection_buttons_are_safe" time="0.086" /><testcase classname="tests.gui.test_m9_layer_management" name="test_render_failure_leaves_no_layer_entry" time="0.084" /><testcase classname="tests.gui.test_m9_layer_management" name="test_new_and_open_project_clear_session_layers" time="0.099" /><testcase classname="tests.gui.test_m9_release_corrections" name="test_reopened_project_voxel_ok_without_changes_preserves_all_m9" time="0.124" /><testcase classname="tests.gui.test_m9_release_corrections" name="test_preview_only_change_does_not_invalidate_m9" time="0.063" /><testcase classname="tests.gui.test_m9_release_corrections" name="test_generation_domain_only_change_does_not_invalidate_m9" time="0.066" /><testcase classname="tests.gui.test_m9_release_corrections" name="test_analysis_domain_change_stales_only_spatial_m9_results" time="0.066" /><testcase classname="tests.gui.test_m9_release_corrections" name="test_voxel_spacing_change_stales_only_spatial_m9_steps" time="0.083" /><testcase classname="tests.gui.test_m9_release_corrections" name="test_voxel_dialog_cancel_rolls_back_project_workflow_dirty_and_m9" time="0.066" /><testcase classname="tests.gui.test_m9_release_corrections" name="test_density_dialog_restores_all_saved_controls_and_noop_ok" time="0.012" /><testcase classname="tests.gui.test_m9_workflow" name="test_density_and_size_buttons_commit_real_m9_state" time="0.045" /><testcase classname="tests.gui.test_m9_workflow" name="test_parameter_field_button_runs_in_worker_and_can_close" time="0.031" /><testcase classname="tests.gui.test_m9_workflow" name="test_cancel_restores_project_and_workflow" time="0.034" /><testcase classname="tests.gui.test_main_window.TestMainWindowCreation" name="test_window_creation" time="0.125" /><testcase classname="tests.gui.test_main_window.TestMainWindowCreation" name="test_window_size" time="0.125" /><testcase classname="tests.gui.test_main_window.TestMainWindowMenus" name="test_menu_bar_exists" time="0.124" /><testcase classname="tests.gui.test_main_window.TestMainWindowMenus" name="test_file_menu" time="0.124" /><testcase classname="tests.gui.test_main_window.TestMainWindowMenus" name="test_help_about" time="0.117" /><testcase classname="tests.gui.test_main_window.TestMainWindowDocks" name="test_project_dock_exists" time="0.110" /><testcase classname="tests.gui.test_main_window.TestMainWindowDocks" name="test_log_widget" time="0.131" /><testcase classname="tests.gui.test_main_window.TestMainWindowWorkflows" name="test_non_blocking_callbacks" time="0.124" /><testcase classname="tests.gui.test_main_window.TestMainWindowWorkflows" name="test_view_commands" time="0.123" /><testcase classname="tests.gui.test_main_window.TestMainWindowWorkflows" name="test_export_callbacks" time="0.113" /><testcase classname="tests.gui.test_main_window.TestMainWindowWorkflows" name="test_status_and_progress" time="0.122" /><testcase classname="tests.gui.test_main_window.TestMainWindowWorkflows" name="test_project_tree" time="0.124" /><testcase classname="tests.gui.test_responsive_m10_m11_dialogs" name="test_m10_dialog_scrolls_while_generate_and_commit_buttons_stay_accessible" time="0.053" /><testcase classname="tests.gui.test_responsive_m10_m11_dialogs" name="test_m11_dialog_scrolls_while_compute_cancel_and_commit_stay_accessible" time="0.053" /></testsuite></testsuites>