<?xml version="1.0" encoding="utf-8"?><testsuites name="pytest tests"><testsuite name="pytest" errors="0" failures="0" skipped="0" tests="22" time="13.494" timestamp="2026-09-01T11:21:59.524036+00:00" hostname="runnervmgx7h7"><testcase classname="tests.gui.test_m11_visualization_panel" name="test_real_vtk_box_events_preview_continuously_then_snap_on_end" time="1.794" /><testcase classname="tests.scientific.test_m11_opacity_rendering" name="test_finite_front_cloud_fully_occludes_rear_for_all_add_orders[FB-exact-outer_surface]" time="0.765" /><testcase classname="tests.scientific.test_m11_opacity_rendering" name="test_finite_front_cloud_fully_occludes_rear_for_all_add_orders[FB-exact-orthogonal_section]" time="0.208" /><testcase classname="tests.scientific.test_m11_opacity_rendering" name="test_finite_front_cloud_fully_occludes_rear_for_all_add_orders[FB-smooth-outer_surface]" time="0.306" /><testcase classname="tests.scientific.test_m11_opacity_rendering" name="test_finite_front_cloud_fully_occludes_rear_for_all_add_orders[FB-smooth-orthogonal_section]" time="0.213" /><testcase classname="tests.scientific.test_m11_opacity_rendering" name="test_finite_front_cloud_fully_occludes_rear_for_all_add_orders[BF-exact-outer_surface]" time="0.210" /><testcase classname="tests.scientific.test_m11_opacity_rendering" name="test_finite_front_cloud_fully_occludes_rear_for_all_add_orders[BF-exact-orthogonal_section]" time="0.200" /><testcase classname="tests.scientific.test_m11_opacity_rendering" name="test_finite_front_cloud_fully_occludes_rear_for_all_add_orders[BF-smooth-outer_surface]" time="0.207" /><testcase classname="tests.scientific.test_m11_opacity_rendering" name="test_finite_front_cloud_fully_occludes_rear_for_all_add_orders[BF-smooth-orthogonal_section]" time="0.210" /><testcase classname="tests.scientific.test_m11_opacity_rendering" name="test_nan_hole_exposes_rear_only_at_the_missing_cell[exact]" time="0.359" /><testcase classname="tests.scientific.test_m11_opacity_rendering" name="test_nan_hole_exposes_rear_only_at_the_missing_cell[smooth]" time="0.244" /><testcase classname="tests.scientific.test_m11_opacity_rendering" name="test_true_zero_remains_visible_and_opaque[exact]" time="0.173" /><testcase classname="tests.scientific.test_m11_opacity_rendering" name="test_true_zero_remains_visible_and_opaque[smooth]" time="0.177" /><testcase classname="tests.scientific.test_m11_opacity_rendering" name="test_opacity_round_trip_restores_opaque_depth_occlusion" time="0.311" /><testcase classname="tests.scientific.test_m11_opacity_rendering" name="test_cutaway_internal_face_is_opaque_in_real_offscreen_render[exact]" time="0.298" /><testcase classname="tests.scientific.test_m11_opacity_rendering" name="test_cutaway_internal_face_is_opaque_in_real_offscreen_render[smooth]" time="0.206" /><testcase classname="tests.scientific.test_m11_opacity_rendering" name="test_box_cutaway_new_internal_face_is_opaque_in_real_offscreen_render[exact]" time="0.206" /><testcase classname="tests.scientific.test_m11_opacity_rendering" name="test_box_cutaway_new_internal_face_is_opaque_in_real_offscreen_render[smooth]" time="0.208" /><testcase classname="tests.scientific.test_m9_opacity_rendering" name="test_m9_finite_front_slice_occludes_rear_independent_of_add_order[front_back]" time="0.154" /><testcase classname="tests.scientific.test_m9_opacity_rendering" name="test_m9_finite_front_slice_occludes_rear_independent_of_add_order[back_front]" time="0.149" /><testcase classname="tests.scientific.test_m9_opacity_rendering" name="test_m9_nan_hole_exposes_rear_only_at_hole_and_true_zero_is_opaque" time="0.466" /><testcase classname="tests.scientific.test_m9_opacity_rendering" name="test_m9_opacity_round_trip_and_m11_namespaced_cleanup" time="0.127" /></testsuite></testsuites>