<?xml version="1.0" encoding="utf-8"?><testsuites name="pytest tests"><testsuite name="pytest" errors="0" failures="0" skipped="0" tests="620" time="94.876" timestamp="2026-08-28T06:31:43.602504+00:00" hostname="runnervmeef0v"><testcase classname="tests.unit.test_borehole_models.TestCollar" name="test_default_creation" time="0.005" /><testcase classname="tests.unit.test_borehole_models.TestCollar" name="test_angle_validation" time="0.002" /><testcase classname="tests.unit.test_borehole_models.TestCollar" name="test_dip_negative" time="0.001" /><testcase classname="tests.unit.test_borehole_models.TestBoreholeSurvey" name="test_straight_trajectory" time="0.002" /><testcase classname="tests.unit.test_borehole_models.TestBoreholeSurvey" name="test_min_curvature_trajectory" time="0.002" /><testcase classname="tests.unit.test_borehole_models.TestFractureObservation" name="test_valid_observation" time="0.001" /><testcase classname="tests.unit.test_borehole_models.TestFractureObservation" name="test_invalid_dip" time="0.002" /><testcase classname="tests.unit.test_borehole_models.TestRQDInterval" name="test_valid_interval" time="0.001" /><testcase classname="tests.unit.test_borehole_models.TestRQDInterval" name="test_invalid_range" time="0.001" /><testcase classname="tests.unit.test_borehole_models.TestBorehole" name="test_create_borehole" time="0.001" /><testcase classname="tests.unit.test_borehole_models.TestBorehole" name="test_with_observations" time="0.001" /><testcase classname="tests.unit.test_borehole_models.TestBoreholeCollection" name="test_add_borehole" time="0.001" /><testcase classname="tests.unit.test_borehole_models.TestBoreholeCollection" name="test_duplicate_rejected" time="0.002" /><testcase classname="tests.unit.test_borehole_models.TestBoreholeCollection" name="test_validate_all_empty" time="0.001" /><testcase classname="tests.unit.test_borehole_models.TestBoreholeCollection" name="test_duplicate_detection" time="0.001" /><testcase classname="tests.unit.test_borehole_models.TestBoreholeCollection" name="test_quality_report" time="0.001" /><testcase classname="tests.unit.test_collar_field_mapping" name="test_required_collar_alias_groups_are_detected[headers0-expected0]" time="0.002" /><testcase classname="tests.unit.test_collar_field_mapping" name="test_required_collar_alias_groups_are_detected[headers1-expected1]" time="0.002" /><testcase classname="tests.unit.test_collar_field_mapping" name="test_required_collar_alias_groups_are_detected[headers2-expected2]" time="0.002" /><testcase classname="tests.unit.test_collar_field_mapping" name="test_required_collar_alias_groups_are_detected[headers3-expected3]" time="0.002" /><testcase classname="tests.unit.test_collar_field_mapping" name="test_bom_normalization_and_plain_depth_is_not_final_depth" time="0.001" /><testcase classname="tests.unit.test_collar_field_mapping" name="test_multiple_candidates_for_one_standard_field_are_an_explicit_conflict" time="0.003" /><testcase classname="tests.unit.test_collar_field_mapping" name="test_one_source_matching_multiple_standard_fields_is_an_explicit_conflict" time="0.003" /><testcase classname="tests.unit.test_collar_field_mapping" name="test_csv_bom_and_xlsx_preview_detection_are_identical_to_import" time="0.381" /><testcase classname="tests.unit.test_collar_field_mapping" name="test_repository_keeps_original_headers_mapping_and_correct_coordinates" time="0.004" /><testcase classname="tests.unit.test_collar_field_mapping" name="test_published_demo_collar_files_import_without_manual_renaming[path0]" time="0.006" /><testcase classname="tests.unit.test_collar_field_mapping" name="test_published_demo_collar_files_import_without_manual_renaming[path1]" time="0.004" /><testcase classname="tests.unit.test_collar_field_mapping" name="test_published_demo_collar_files_import_without_manual_renaming[path2]" time="0.005" /><testcase classname="tests.unit.test_collar_field_mapping" name="test_explicit_mapping_conflict_and_missing_required_field_are_rejected" time="0.003" /><testcase classname="tests.unit.test_collar_field_mapping" name="test_manual_field_mapping_remains_supported" time="0.002" /><testcase classname="tests.unit.test_config.TestAppVersion" name="test_default_version" time="0.001" /><testcase classname="tests.unit.test_config.TestAppVersion" name="test_version_string" time="0.001" /><testcase classname="tests.unit.test_config.TestAppVersion" name="test_version_no_milestone" time="0.001" /><testcase classname="tests.unit.test_config.TestUnitConfig" name="test_default_units" time="0.001" /><testcase classname="tests.unit.test_config.TestUnitConfig" name="test_length_to_meters" time="0.001" /><testcase classname="tests.unit.test_config.TestRandomConfig" name="test_default_seed" time="0.001" /><testcase classname="tests.unit.test_config.TestRandomConfig" name="test_get_seed_fallback" time="0.001" /><testcase classname="tests.unit.test_config.TestRandomConfig" name="test_get_seed_override" time="0.001" /><testcase classname="tests.unit.test_config.TestAppConfig" name="test_default_creation" time="0.001" /><testcase classname="tests.unit.test_config.TestAppConfig" name="test_global_singleton" time="0.001" /><testcase classname="tests.unit.test_config.TestAppConfig" name="test_set_config" time="0.001" /><testcase classname="tests.unit.test_config.TestEnumValues" name="test_coordinate_systems" time="0.001" /><testcase classname="tests.unit.test_config.TestEnumValues" name="test_angle_units" time="0.001" /><testcase classname="tests.unit.test_config.TestEnumValues" name="test_length_units" time="0.001" /><testcase classname="tests.unit.test_connectivity.TestConnectivityGraph" name="test_empty_graph" time="0.001" /><testcase classname="tests.unit.test_connectivity.TestConnectivityGraph" name="test_two_intersecting" time="0.003" /><testcase classname="tests.unit.test_connectivity.TestConnectivityGraph" name="test_two_separated" time="0.001" /><testcase classname="tests.unit.test_connectivity.TestConnectivityGraph" name="test_components_two_separated" time="0.001" /><testcase classname="tests.unit.test_connectivity.TestConnectivityGraph" name="test_components_two_intersecting" time="0.002" /><testcase classname="tests.unit.test_connectivity.TestConnectivityGraph" name="test_largest_component_fraction" time="0.002" /><testcase classname="tests.unit.test_connectivity.TestConnectivityGraph" name="test_degree" time="0.002" /><testcase classname="tests.unit.test_connectivity.TestConnectivityGraph" name="test_component_labels" time="0.001" /><testcase classname="tests.unit.test_connectivity.TestConnectivityGraph" name="test_inter_set_matrix" time="0.002" /><testcase classname="tests.unit.test_connectivity.TestConnectivityGraph" name="test_statistics" time="0.002" /><testcase classname="tests.unit.test_connectivity.TestConnectivityGraph" name="test_percolation" time="0.002" /><testcase classname="tests.unit.test_coordinate.TestDipDirDipToNormal" name="test_horizontal_fracture" time="0.001" /><testcase classname="tests.unit.test_coordinate.TestDipDirDipToNormal" name="test_vertical_north_dipping" time="0.001" /><testcase classname="tests.unit.test_coordinate.TestDipDirDipToNormal" name="test_vertical_east_dipping" time="0.001" /><testcase classname="tests.unit.test_coordinate.TestDipDirDipToNormal" name="test_45_degree_dip" time="0.001" /><testcase classname="tests.unit.test_coordinate.TestDipDirDipToNormal" name="test_upper_hemisphere" time="0.001" /><testcase classname="tests.unit.test_coordinate.TestDipDirDipToNormal" name="test_unit_length" time="0.002" /><testcase classname="tests.unit.test_coordinate.TestNormalToDipDirDip" name="test_round_trip_random" time="0.003" /><testcase classname="tests.unit.test_coordinate.TestNormalToDipDirDip" name="test_horizontal" time="0.001" /><testcase classname="tests.unit.test_coordinate.TestNormalToDipDirDip" name="test_vertical" time="0.001" /><testcase classname="tests.unit.test_coordinate.TestNormalToDipDirDip" name="test_lower_hemisphere_flipped" time="0.001" /><testcase classname="tests.unit.test_coordinate.TestNormalToDipDirDip" name="test_known_values" time="0.001" /><testcase classname="tests.unit.test_coordinate.TestNormalToPole" name="test_pole_points_down" time="0.001" /><testcase classname="tests.unit.test_coordinate.TestRotationMatrices" name="test_rx_90" time="0.001" /><testcase classname="tests.unit.test_coordinate.TestRotationMatrices" name="test_rz_90" time="0.001" /><testcase classname="tests.unit.test_coordinate.TestRotationMatrices" name="test_determinant_is_1" time="0.001" /><testcase classname="tests.unit.test_coordinate.TestRotationMatrices" name="test_rotate_vector" time="0.001" /><testcase classname="tests.unit.test_coordinate.TestRotationMatrices" name="test_rotate_invalid_axis" time="0.001" /><testcase classname="tests.unit.test_coordinate.TestStrikeConversion" name="test_dip_dir_to_strike_rh" time="0.001" /><testcase classname="tests.unit.test_coordinate.TestStrikeConversion" name="test_strike_dip_to_normal_rh" time="0.001" /><testcase classname="tests.unit.test_coordinate.TestBatchOperations" name="test_batch_round_trip" time="0.002" /><testcase classname="tests.unit.test_coordinate.TestBatchOperations" name="test_batch_output_shapes" time="0.001" /><testcase classname="tests.unit.test_dfn_generator.TestDFNGeneratorBasic" name="test_generate_returns_realization" time="0.146" /><testcase classname="tests.unit.test_dfn_generator.TestDFNGeneratorBasic" name="test_generates_fractures" time="0.237" /><testcase classname="tests.unit.test_dfn_generator.TestDFNGeneratorBasic" name="test_fractures_have_set_id" time="0.136" /><testcase classname="tests.unit.test_dfn_generator.TestDFNGeneratorBasic" name="test_fracture_positions_in_range" time="0.137" /><testcase classname="tests.unit.test_dfn_generator.TestDFNGeneratorBasic" name="test_fracture_radii_in_range" time="0.235" /><testcase classname="tests.unit.test_dfn_generator.TestDFNGeneratorReproducibility" name="test_same_seed_same_result" time="0.261" /><testcase classname="tests.unit.test_dfn_generator.TestDFNGeneratorReproducibility" name="test_different_seed_different_result" time="0.362" /><testcase classname="tests.unit.test_dfn_generator.TestDFNGeneratorP32" name="test_p32_statistics_recorded" time="0.124" /><testcase classname="tests.unit.test_dfn_generator.TestDFNGeneratorP32" name="test_p32_reasonable" time="0.369" /><testcase classname="tests.unit.test_dfn_generator.TestDFNGeneratorP32" name="test_total_fracture_count_consistent" time="0.124" /><testcase classname="tests.unit.test_dfn_generator.TestDFNGeneratorCancellation" name="test_cancel_flag" time="0.002" /><testcase classname="tests.unit.test_dfn_generator.TestDFNGeneratorMultiSet" name="test_two_sets" time="0.983" /><testcase classname="tests.unit.test_dfn_renderer.TestDFNRendererLogic" name="test_default_colors" time="0.001" /><testcase classname="tests.unit.test_dfn_renderer.TestDFNRendererLogic" name="test_build_color_map" time="0.001" /><testcase classname="tests.unit.test_dfn_renderer.TestDFNRendererLogic" name="test_group_by_set" time="0.001" /><testcase classname="tests.unit.test_dfn_renderer.TestDFNRendererLogic" name="test_fracture_to_disk_mesh_shape" time="0.003" /><testcase classname="tests.unit.test_dfn_renderer.TestDFNRendererLogic" name="test_fracture_to_disk_mesh_non_vertical" time="0.003" /><testcase classname="tests.unit.test_dfn_renderer.TestDFNRendererLogic" name="test_empty_fractures_to_multiblock" time="0.001" /><testcase classname="tests.unit.test_dfn_renderer.TestDFNRendererLogic" name="test_get_statistics_empty" time="0.001" /><testcase classname="tests.unit.test_dfn_renderer.TestDFNWorker" name="test_worker_signals_exist" time="0.222" /><testcase classname="tests.unit.test_dfn_renderer.TestDFNWorker" name="test_worker_creation" time="0.001" /><testcase classname="tests.unit.test_dfn_renderer.TestDFNWorker" name="test_worker_cancel_before_run" time="0.001" /><testcase classname="tests.unit.test_dfn_renderer_expanded.TestImageDataCreation" name="test_image_data_created" time="0.002" /><testcase classname="tests.unit.test_dfn_renderer_expanded.TestImageDataCreation" name="test_image_data_cell_data" time="0.003" /><testcase classname="tests.unit.test_dfn_renderer_expanded.TestImageDataCreation" name="test_image_data_from_bounds" time="0.002" /><testcase classname="tests.unit.test_dfn_renderer_expanded.TestVTUExportRoundTrip" name="test_export_vti_and_re_read" time="0.053" /><testcase classname="tests.unit.test_dfn_renderer_expanded.TestVTUExportRoundTrip" name="test_export_vtu_via_renderer" time="0.012" /><testcase classname="tests.unit.test_dfn_renderer_expanded.TestRendererMethodsCall" name="test_render_boreholes_called" time="0.090" /><testcase classname="tests.unit.test_dfn_renderer_expanded.TestRendererMethodsCall" name="test_render_fracture_observations_called" time="0.053" /><testcase classname="tests.unit.test_dfn_renderer_expanded.TestRendererMethodsCall" name="test_render_model_bounds_called" time="0.035" /><testcase classname="tests.unit.test_dfn_renderer_expanded.TestRendererMethodsCall" name="test_add_coordinate_axes_called" time="0.019" /><testcase classname="tests.unit.test_dfn_renderer_expanded.TestRendererMethodsCall" name="test_render_voxel_p32" time="0.033" /><testcase classname="tests.unit.test_dfn_renderer_expanded.TestRendererMethodsCall" name="test_render_voxel_p32_dict_format" time="0.031" /><testcase classname="tests.unit.test_dfn_renderer_expanded.TestRendererMethodsCall" name="test_screenshot_success" time="0.004" /><testcase classname="tests.unit.test_dfn_renderer_expanded.TestRendererMethodsCall" name="test_screenshot_success_opaque" time="0.002" /><testcase classname="tests.unit.test_dfn_renderer_expanded.TestRendererMethodsCall" name="test_screenshot_failure_returns_false" time="0.003" /><testcase classname="tests.unit.test_dfn_renderer_expanded.TestRendererMethodsCall" name="test_screenshot_failure_logs_error" time="0.003" /><testcase classname="tests.unit.test_dfn_renderer_expanded.TestRendererMethodsCall" name="test_axes_rendered" time="0.019" /><testcase classname="tests.unit.test_dfn_renderer_expanded.TestRendererMethodsCall" name="test_legend_rendered" time="0.034" /><testcase classname="tests.unit.test_dfn_renderer_expanded.TestRendererMethodsCall" name="test_empty_boreholes_does_not_crash" time="0.017" /><testcase classname="tests.unit.test_dfn_renderer_expanded.TestRendererMethodsCall" name="test_error_logging_on_failure" time="0.005" /><testcase classname="tests.unit.test_dfn_renderer_expanded.TestRendererLogicExpanded" name="test_add_realization" time="0.046" /><testcase classname="tests.unit.test_dfn_renderer_expanded.TestRendererLogicExpanded" name="test_render_to_plotter" time="0.046" /><testcase classname="tests.unit.test_dfn_renderer_expanded.TestRendererLogicExpanded" name="test_clear" time="0.056" /><testcase classname="tests.unit.test_dfn_renderer_expanded.TestRendererLogicExpanded" name="test_set_visibility" time="0.045" /><testcase classname="tests.unit.test_dfn_renderer_expanded.TestRendererLogicExpanded" name="test_set_opacity" time="0.045" /><testcase classname="tests.unit.test_dfn_renderer_expanded.TestRendererLogicExpanded" name="test_clear_nonexistent_actor" time="0.017" /><testcase classname="tests.unit.test_dfn_renderer_expanded.TestRendererLogicExpanded" name="test_visibility_nonexistent" time="0.017" /><testcase classname="tests.unit.test_dfn_renderer_expanded.TestRendererLogicExpanded" name="test_fractures_to_multiblock_valid" time="0.007" /><testcase classname="tests.unit.test_dfn_renderer_expanded.TestRendererLogicExpanded" name="test_fractures_to_multiblock_single" time="0.003" /><testcase classname="tests.unit.test_dfn_renderer_expanded.TestFractureToDiskMesh" name="test_disk_mesh_opposite_normal" time="0.002" /><testcase classname="tests.unit.test_dfn_renderer_expanded.TestFractureToDiskMesh" name="test_disk_mesh_arbitrary_normal" time="0.002" /><testcase classname="tests.unit.test_fisher.TestFisherSample" name="test_output_shape" time="0.002" /><testcase classname="tests.unit.test_fisher.TestFisherSample" name="test_single_sample" time="0.002" /><testcase classname="tests.unit.test_fisher.TestFisherSample" name="test_two_samples_have_stable_matrix_shape" time="0.002" /><testcase classname="tests.unit.test_fisher.TestFisherSample" name="test_single_sample_seed_42_values_are_unchanged" time="0.002" /><testcase classname="tests.unit.test_fisher.TestFisherSample" name="test_zero_samples_return_empty_matrix_without_advancing_rng" time="0.001" /><testcase classname="tests.unit.test_fisher.TestFisherSample" name="test_negative_sample_count_is_rejected" time="0.003" /><testcase classname="tests.unit.test_fisher.TestFisherSample" name="test_unit_length" time="0.002" /><testcase classname="tests.unit.test_fisher.TestFisherSample" name="test_mean_direction" time="0.002" /><testcase classname="tests.unit.test_fisher.TestFisherSample" name="test_seed_reproducibility" time="0.002" /><testcase classname="tests.unit.test_fisher.TestFisherSample" name="test_different_seed_different" time="0.002" /><testcase classname="tests.unit.test_fisher.TestFisherSample" name="test_kappa_effect" time="0.002" /><testcase classname="tests.unit.test_fisher.TestFisherSample" name="test_upper_hemisphere" time="0.005" /><testcase classname="tests.unit.test_fisher.TestFisherSample" name="test_invalid_kappa" time="0.001" /><testcase classname="tests.unit.test_fisher.TestEstimateKappa" name="test_high_concentration" time="0.002" /><testcase classname="tests.unit.test_fisher.TestEstimateKappa" name="test_low_concentration" time="0.002" /><testcase classname="tests.unit.test_fisher.TestEstimateKappa" name="test_insufficient_samples" time="0.001" /><testcase classname="tests.unit.test_fisher.TestTangentBasis" name="test_orthonormal" time="0.004" /><testcase classname="tests.unit.test_fracture_models.TestFractureGeometry" name="test_default_disk" time="0.001" /><testcase classname="tests.unit.test_fracture_models.TestFractureGeometry" name="test_custom_geometry" time="0.001" /><testcase classname="tests.unit.test_fracture_models.TestDeterministicFracture" name="test_default_creation" time="0.001" /><testcase classname="tests.unit.test_fracture_models.TestDeterministicFracture" name="test_with_provenance" time="0.001" /><testcase classname="tests.unit.test_fracture_models.TestStochasticFracture" name="test_create_from_dip" time="0.001" /><testcase classname="tests.unit.test_fracture_models.TestStochasticFracture" name="test_create_fracture_area" time="0.001" /><testcase classname="tests.unit.test_fracture_models.TestOrientationDistribution" name="test_defaults" time="0.001" /><testcase classname="tests.unit.test_fracture_models.TestOrientationDistribution" name="test_high_kappa_std" time="0.001" /><testcase classname="tests.unit.test_fracture_models.TestOrientationDistribution" name="test_low_kappa_std" time="0.001" /><testcase classname="tests.unit.test_fracture_models.TestSizeDistribution" name="test_defaults" time="0.001" /><testcase classname="tests.unit.test_fracture_models.TestSizeDistribution" name="test_validation_min_max" time="0.001" /><testcase classname="tests.unit.test_fracture_models.TestSizeDistribution" name="test_lognormal_mean" time="0.001" /><testcase classname="tests.unit.test_fracture_models.TestSizeDistribution" name="test_fixed_mean" time="0.001" /><testcase classname="tests.unit.test_fracture_models.TestJointSetConfig" name="test_defaults" time="0.001" /><testcase classname="tests.unit.test_fracture_models.TestJointSetConfig" name="test_expected_mean_area" time="0.001" /><testcase classname="tests.unit.test_fracture_models.TestJointSetConfig" name="test_expected_fracture_count" time="0.001" /><testcase classname="tests.unit.test_intersection.TestLinePlaneIntersection" name="test_simple_intersection" time="0.001" /><testcase classname="tests.unit.test_intersection.TestLinePlaneIntersection" name="test_parallel_no_intersection" time="0.001" /><testcase classname="tests.unit.test_intersection.TestLinePlaneIntersection" name="test_line_in_plane" time="0.001" /><testcase classname="tests.unit.test_intersection.TestPointInAABB" name="test_inside" time="0.001" /><testcase classname="tests.unit.test_intersection.TestPointInAABB" name="test_outside" time="0.001" /><testcase classname="tests.unit.test_intersection.TestPointInAABB" name="test_on_boundary" time="0.002" /><testcase classname="tests.unit.test_intersection.TestAABBAABBOverlap" name="test_overlapping" time="0.001" /><testcase classname="tests.unit.test_intersection.TestAABBAABBOverlap" name="test_disjoint" time="0.001" /><testcase classname="tests.unit.test_intersection.TestAABBAABBOverlap" name="test_touching" time="0.001" /><testcase classname="tests.unit.test_intersection.TestPlaneAABBIntersects" name="test_plane_through_center" time="0.001" /><testcase classname="tests.unit.test_intersection.TestPlaneAABBIntersects" name="test_plane_outside" time="0.001" /><testcase classname="tests.unit.test_intersection.TestDiskAABBIntersects" name="test_disk_through_cube_center" time="0.001" /><testcase classname="tests.unit.test_intersection.TestDiskAABBIntersects" name="test_disk_outside" time="0.001" /><testcase classname="tests.unit.test_intersection.TestDiskAABBIntersects" name="test_disk_touching" time="0.001" /><testcase classname="tests.unit.test_intersection.TestDiskAABBIntersects" name="test_disk_barely_inside" time="0.001" /><testcase classname="tests.unit.test_intersection.TestDiskAABBIntersects" name="test_dipping_fracture_multiple_voxels" time="0.070" /><testcase classname="tests.unit.test_intersection.TestFractureFractureIntersects" name="test_two_intersecting" time="0.002" /><testcase classname="tests.unit.test_intersection.TestFractureFractureIntersects" name="test_two_separated" time="0.001" /><testcase classname="tests.unit.test_intersection.TestFractureFractureIntersects" name="test_coplanar_overlapping" time="0.001" /><testcase classname="tests.unit.test_intersection.TestFractureFractureIntersects" name="test_coplanar_separated" time="0.001" /><testcase classname="tests.unit.test_intersection.TestFractureFractureIntersects" name="test_intersecting_at_45_degrees" time="0.002" /><testcase classname="tests.unit.test_intersection.TestFractureFractureIntersects" name="test_edges_nearly_miss" time="0.001" /><testcase classname="tests.unit.test_joint_set_cluster_count" name="test_demo_returns_requested_nonempty_set_count[1]" time="0.402" /><testcase classname="tests.unit.test_joint_set_cluster_count" name="test_demo_returns_requested_nonempty_set_count[2]" time="0.048" /><testcase classname="tests.unit.test_joint_set_cluster_count" name="test_demo_returns_requested_nonempty_set_count[3]" time="0.048" /><testcase classname="tests.unit.test_joint_set_cluster_count" name="test_demo_returns_requested_nonempty_set_count[4]" time="0.048" /><testcase classname="tests.unit.test_joint_set_cluster_count" name="test_demo_returns_requested_nonempty_set_count[5]" time="0.048" /><testcase classname="tests.unit.test_joint_set_cluster_count" name="test_demo_returns_requested_nonempty_set_count[6]" time="0.049" /><testcase classname="tests.unit.test_joint_set_cluster_count" name="test_k3_seed42_baseline_is_unchanged" time="0.050" /><testcase classname="tests.unit.test_joint_set_cluster_count" name="test_same_seed_repeats_labels_and_counts" time="0.095" /><testcase classname="tests.unit.test_joint_set_cluster_count" name="test_different_seeds_still_return_requested_nonempty_count[1]" time="0.048" /><testcase classname="tests.unit.test_joint_set_cluster_count" name="test_different_seeds_still_return_requested_nonempty_count[7]" time="0.049" /><testcase classname="tests.unit.test_joint_set_cluster_count" name="test_different_seeds_still_return_requested_nonempty_count[99]" time="0.049" /><testcase classname="tests.unit.test_joint_set_cluster_count" name="test_insufficient_distinct_axial_directions_raises_clear_error" time="0.003" /><testcase classname="tests.unit.test_joint_set_cluster_count" name="test_empty_cluster_assignment_is_repaired_deterministically" time="0.001" /><testcase classname="tests.unit.test_m10_generator" name="test_expected_area_uses_pi_times_e_r_squared_not_squared_mean" time="0.001" /><testcase classname="tests.unit.test_m10_generator" name="test_non_modelled_and_true_zero_cells_generate_no_random_fractures[true_zero]" time="0.003" /><testcase classname="tests.unit.test_m10_generator" name="test_non_modelled_and_true_zero_cells_generate_no_random_fractures[no_data]" time="0.002" /><testcase classname="tests.unit.test_m10_generator" name="test_non_modelled_and_true_zero_cells_generate_no_random_fractures[outside_model]" time="0.002" /><testcase classname="tests.unit.test_m10_generator" name="test_non_modelled_and_true_zero_cells_generate_no_random_fractures[excavation]" time="0.002" /><testcase classname="tests.unit.test_m10_generator" name="test_constant_p32_single_voxel_poisson_and_center_is_inside_cell" time="0.004" /><testcase classname="tests.unit.test_m10_generator" name="test_poisson_exactly_one_returns_one_complete_unit_normal_with_seed_42" time="0.004" /><testcase classname="tests.unit.test_m10_generator" name="test_seed_42_conditioning_then_single_stochastic_sample_succeeds" time="0.004" /><testcase classname="tests.unit.test_m10_generator" name="test_seed_42_deterministic_structure_and_single_stochastic_sample_succeed" time="0.004" /><testcase classname="tests.unit.test_m10_generator" name="test_multiple_voxels_with_zero_one_and_many_poisson_samples_succeed" time="0.064" /><testcase classname="tests.unit.test_m10_generator" name="test_fixed_seed_is_identical_and_different_seed_changes_geometry" time="0.010" /><testcase classname="tests.unit.test_m10_generator" name="test_conditioned_full_orientation_passes_observation_and_deducts_budget" time="0.004" /><testcase classname="tests.unit.test_m10_generator" name="test_deterministic_structure_geometry_does_not_depend_on_seed" time="0.005" /><testcase classname="tests.unit.test_m10_generator" name="test_deterministic_structure_preserves_real_set_id_and_missing_set_is_explicit" time="0.003" /><testcase classname="tests.unit.test_m10_generator" name="test_columnar_geometry_omits_per_fracture_strings_and_intact_vertices" time="0.004" /><testcase classname="tests.unit.test_m10_generator" name="test_compact_final_storage_estimate_is_within_twenty_percent" time="0.444" /><testcase classname="tests.unit.test_m10_generator" name="test_conditioned_offset_consumes_exactly_two_uniform_draws_for_fixed_radius" time="0.004" /><testcase classname="tests.unit.test_m10_generator" name="test_unreleased_legacy_geometry_migrates_without_retaining_intact_vertices" time="0.001" /><testcase classname="tests.unit.test_m10_generator" name="test_columnar_v2_geometry_remains_fully_explicit_and_gets_unknown_size_class" time="0.004" /><testcase classname="tests.unit.test_m10_generator" name="test_supported_size_distributions_are_seeded_and_strictly_truncated[fixed-parameters0]" time="0.002" /><testcase classname="tests.unit.test_m10_generator" name="test_supported_size_distributions_are_seeded_and_strictly_truncated[uniform-parameters1]" time="0.002" /><testcase classname="tests.unit.test_m10_generator" name="test_supported_size_distributions_are_seeded_and_strictly_truncated[truncated_lognormal-parameters2]" time="0.002" /><testcase classname="tests.unit.test_m10_generator" name="test_supported_size_distributions_are_seeded_and_strictly_truncated[truncated_power_law-parameters3]" time="0.002" /><testcase classname="tests.unit.test_m10_generator" name="test_supported_size_distributions_are_seeded_and_strictly_truncated[truncated_exponential-parameters4]" time="0.002" /><testcase classname="tests.unit.test_m10_generator" name="test_generation_domain_clipping_records_original_and_clipped_area" time="0.004" /><testcase classname="tests.unit.test_m10_generator" name="test_experimental_size_model_requires_explicit_confirmation" time="0.002" /><testcase classname="tests.unit.test_m10_generator" name="test_missing_reliable_orientation_skips_domain_set_with_explicit_status" time="0.002" /><testcase classname="tests.unit.test_m10_layer_manager" name="test_add_replace_and_clear_are_namespace_scoped" time="0.002" /><testcase classname="tests.unit.test_m10_layer_manager" name="test_visibility_and_opacity_update_actor" time="0.003" /><testcase classname="tests.unit.test_m10_layer_manager" name="test_lod_uses_one_gpu_glyph_actor_and_does_not_expand_disc_vertices" time="0.013" /><testcase classname="tests.unit.test_m10_multiscale" name="test_area_weighted_cdf_and_auto_thresholds_are_deterministic" time="0.002" /><testcase classname="tests.unit.test_m10_multiscale" name="test_class_budgets_are_mutually_exclusive_and_conservative" time="0.002" /><testcase classname="tests.unit.test_m10_multiscale" name="test_invalid_manual_thresholds_are_rejected" time="0.002" /><testcase classname="tests.unit.test_m10_multiscale" name="test_fixed_radius_on_manual_boundary_obeys_half_open_class_rule" time="0.001" /><testcase classname="tests.unit.test_m10_multiscale" name="test_conditional_samples_remain_inside_each_half_open_class" time="0.002" /><testcase classname="tests.unit.test_m10_multiscale" name="test_default_omits_small_and_preserves_its_target_as_subgrid" time="0.005" /><testcase classname="tests.unit.test_m10_multiscale" name="test_enabling_all_classes_removes_subgrid_and_is_seed_reproducible" time="0.009" /><testcase classname="tests.unit.test_m10_multiscale" name="test_threshold_calculation_does_not_consume_generation_rng" time="0.002" /><testcase classname="tests.unit.test_m10_multiscale" name="test_deterministic_disk_bounds_relation_uses_full_disc_geometry" time="0.002" /><testcase classname="tests.unit.test_m10_multiscale" name="test_conditioned_and_deterministic_fractures_remain_explicit_when_random_classes_disabled" time="0.005" /><testcase classname="tests.unit.test_m10_multiscale" name="test_fully_outside_deterministic_disc_is_audited_but_not_generated_by_default" time="0.005" /><testcase classname="tests.unit.test_m10_multiscale" name="test_partial_invalid_orientation_keeps_all_budget_arrays_aligned" time="0.004" /><testcase classname="tests.unit.test_m10_multiscale" name="test_all_invalid_orientation_is_explicitly_unresolved_not_subgrid" time="0.002" /><testcase classname="tests.unit.test_m10_workflow" name="test_explicit_dfn_depends_on_scientific_m9_inputs_not_validation" time="0.001" /><testcase classname="tests.unit.test_m10_workflow" name="test_old_m9_workflow_restore_adds_m10_step_without_changing_old_states" time="0.001" /><testcase classname="tests.unit.test_m1_models.TestStructuralDomain" name="test_global_domain_contains_all" time="0.001" /><testcase classname="tests.unit.test_m1_models.TestStructuralDomain" name="test_box_domain" time="0.001" /><testcase classname="tests.unit.test_m1_models.TestStructuralDomain" name="test_polygon_domain" time="0.001" /><testcase classname="tests.unit.test_m1_models.TestStructuralDomainCollection" name="test_default_global_domain" time="0.001" /><testcase classname="tests.unit.test_m1_models.TestStructuralDomainCollection" name="test_find_domain" time="0.001" /><testcase classname="tests.unit.test_m1_models.TestSurfaceModel" name="test_empty_surface" time="0.001" /><testcase classname="tests.unit.test_m1_models.TestSurfaceModel" name="test_simple_triangle" time="0.001" /><testcase classname="tests.unit.test_m1_models.TestSurfaceModel" name="test_point_outside_mesh" time="0.001" /><testcase classname="tests.unit.test_m1_models.TestRockMask" name="test_box_mask" time="0.001" /><testcase classname="tests.unit.test_m1_models.TestRockMask" name="test_disabled_mask" time="0.001" /><testcase classname="tests.unit.test_m1_models.TestRockMask" name="test_contains_aabb" time="0.001" /><testcase classname="tests.unit.test_m1_models.TestExcavationMask" name="test_empty_mask" time="0.001" /><testcase classname="tests.unit.test_m1_models.TestExcavationMask" name="test_box_excavation" time="0.001" /><testcase classname="tests.unit.test_m1_models.TestExcavationMask" name="test_disabled_mask" time="0.001" /><testcase classname="tests.unit.test_m1_models.TestSpatialAttributeConfig" name="test_defaults" time="0.001" /><testcase classname="tests.unit.test_m1_models.TestFractureMechanicalProperties" name="test_defaults" time="0.001" /><testcase classname="tests.unit.test_m1_models.TestFractureMechanicalProperties" name="test_custom" time="0.001" /><testcase classname="tests.unit.test_m1_models.TestMechanicalPropertyTemplate" name="test_match_by_set" time="0.001" /><testcase classname="tests.unit.test_m1_models.TestMechanicalPropertyTemplate" name="test_match_by_fracture_type" time="0.001" /><testcase classname="tests.unit.test_m1_models.TestMechanicalPropertyTemplate" name="test_match_multiple_criteria" time="0.001" /><testcase classname="tests.unit.test_m1_models.TestMechanicalPropertyLibrary" name="test_default_library" time="0.001" /><testcase classname="tests.unit.test_m1_models.TestMechanicalPropertyLibrary" name="test_resolve_returns_default" time="0.001" /><testcase classname="tests.unit.test_m1_models.TestMechanicalPropertyLibrary" name="test_resolve_by_set" time="0.001" /><testcase classname="tests.unit.test_m1_models.TestMechanicalPropertyLibrary" name="test_priority_resolution" time="0.001" /><testcase classname="tests.unit.test_m1_models.TestMechanicalPropertyLibrary" name="test_add_template" time="0.001" /><testcase classname="tests.unit.test_m7_axial_equivalence.TestAxialEquivalence" name="test_n_and_neg_n_same_cosine_abs" time="0.001" /><testcase classname="tests.unit.test_m7_axial_equivalence.TestAxialEquivalence" name="test_n_and_neg_n_are_same_fracture_plane" time="0.002" /><testcase classname="tests.unit.test_m7_axial_equivalence.TestAxialEquivalence" name="test_angular_difference_uses_abs_dot" time="0.001" /><testcase classname="tests.unit.test_m7_axial_equivalence.TestAxialEquivalence" name="test_perpendicular_planes_are_far" time="0.001" /><testcase classname="tests.unit.test_m7_axial_equivalence.TestAxialEquivalence" name="test_359_and_1_wrap" time="0.002" /><testcase classname="tests.unit.test_m7_dialog_lifecycle.TestHoldoutStatePersistence" name="test_holdout_persists_across_service_instances" time="0.047" /><testcase classname="tests.unit.test_m7_dialog_lifecycle.TestHoldoutStatePersistence" name="test_joint_set_reads_same_holdout" time="0.085" /><testcase classname="tests.unit.test_m7_dialog_lifecycle.TestDomainDataValidation" name="test_domain_intervals_11_rows_in_project" time="0.044" /><testcase classname="tests.unit.test_m7_dialog_lifecycle.TestDomainDataValidation" name="test_bh05_has_two_correct_intervals" time="0.005" /><testcase classname="tests.unit.test_m7_dialog_lifecycle.TestDomainDataValidation" name="test_bh06_has_three_correct_intervals" time="0.004" /><testcase classname="tests.unit.test_m7_dialog_lifecycle.TestDomainDataValidation" name="test_overlap_detected_as_error" time="0.003" /><testcase classname="tests.unit.test_m7_regression.TestValidationLeak" name="test_joint_set_uses_calibration_only" time="0.086" /><testcase classname="tests.unit.test_m7_regression.TestDomainVisibility" name="test_imported_domain_intervals_in_project" time="0.044" /><testcase classname="tests.unit.test_m7_regression.TestRoundTrip" name="test_m7_project_round_trip_restores_workflow" time="0.501" /><testcase classname="tests.unit.test_m7_regression.TestNewProjectClears" name="test_new_project_via_store" time="0.044" /><testcase classname="tests.unit.test_m7_services.TestCleaningService" name="test_empty_hole_id_detected" time="0.002" /><testcase classname="tests.unit.test_m7_services.TestCleaningService" name="test_duplicate_hole_id_detected" time="0.002" /><testcase classname="tests.unit.test_m7_services.TestCleaningService" name="test_missing_coordinate_detected" time="0.002" /><testcase classname="tests.unit.test_m7_services.TestCleaningService" name="test_negative_total_depth" time="0.002" /><testcase classname="tests.unit.test_m7_services.TestCleaningService" name="test_azimuth_normalization" time="0.003" /><testcase classname="tests.unit.test_m7_services.TestCleaningService" name="test_valid_data_passes" time="0.002" /><testcase classname="tests.unit.test_m7_services.TestCleaningService" name="test_survey_unknown_borehole" time="0.003" /><testcase classname="tests.unit.test_m7_services.TestCleaningService" name="test_rqd_range_check" time="0.003" /><testcase classname="tests.unit.test_m7_services.TestCleaningService" name="test_rqd_overlap_detected" time="0.003" /><testcase classname="tests.unit.test_m7_services.TestCleaningService" name="test_from_gt_to_detected" time="0.003" /><testcase classname="tests.unit.test_m7_services.TestCleaningService" name="test_issues_report_exportable" time="0.003" /><testcase classname="tests.unit.test_m7_services.TestHoldoutService" name="test_random_holdout_reproducible" time="0.001" /><testcase classname="tests.unit.test_m7_services.TestHoldoutService" name="test_manual_selection" time="0.001" /><testcase classname="tests.unit.test_m7_services.TestHoldoutService" name="test_lock_prevents_reselection" time="0.001" /><testcase classname="tests.unit.test_m7_services.TestHoldoutService" name="test_unlock_allows_reselection" time="0.001" /><testcase classname="tests.unit.test_m7_services.TestHoldoutService" name="test_filter_calibration" time="0.001" /><testcase classname="tests.unit.test_m7_services.TestHoldoutService" name="test_stratified_holdout" time="0.001" /><testcase classname="tests.unit.test_m7_services.TestHoldoutService" name="test_to_dict_round_trip" time="0.002" /><testcase classname="tests.unit.test_m7_services.TestJointSetService" name="test_direction_wrapping" time="0.001" /><testcase classname="tests.unit.test_m7_services.TestJointSetService" name="test_359_and_1_are_close" time="0.001" /><testcase classname="tests.unit.test_m7_services.TestJointSetService" name="test_auto_identify_reproducible" time="0.040" /><testcase classname="tests.unit.test_m7_services.TestJointSetService" name="test_validation_excluded_from_clustering" time="0.002" /><testcase classname="tests.unit.test_m7_services.TestJointSetService" name="test_imported_mode_counts_correctly" time="0.002" /><testcase classname="tests.unit.test_m7_services.TestImportService" name="test_field_mapping_round_trip" time="0.004" /><testcase classname="tests.unit.test_m7_services.TestImportService" name="test_field_detection_collars" time="0.002" /><testcase classname="tests.unit.test_m7_services.TestImportService" name="test_field_detection_with_aliases" time="0.002" /><testcase classname="tests.unit.test_m8_quality_service" name="test_demo_quality_baseline_and_audited_survey_corrections" time="0.365" /><testcase classname="tests.unit.test_m8_quality_service" name="test_rebuild_does_not_silently_change_database_values" time="0.075" /><testcase classname="tests.unit.test_m8_quality_service" name="test_confirmed_exclusions_do_not_block_but_pending_and_open_errors_do" time="0.417" /><testcase classname="tests.unit.test_m8_quality_service" name="test_rqd_and_domain_overlaps_are_detected_without_altering_records" time="0.006" /><testcase classname="tests.unit.test_m8_quality_service" name="test_checks_and_auto_fixes_are_idempotent" time="0.575" /><testcase classname="tests.unit.test_m8_quality_service" name="test_quality_issues_confirmation_and_history_round_trip" time="0.802" /><testcase classname="tests.unit.test_m8_repository_and_spatial" name="test_collars_only_can_be_queried_and_round_trip" time="0.019" /><testcase classname="tests.unit.test_m8_repository_and_spatial" name="test_surveys_pending_then_automatically_link_to_later_collars" time="0.235" /><testcase classname="tests.unit.test_m8_repository_and_spatial" name="test_five_tables_import_in_arbitrary_order[order0]" time="0.126" /><testcase classname="tests.unit.test_m8_repository_and_spatial" name="test_five_tables_import_in_arbitrary_order[order1]" time="0.139" /><testcase classname="tests.unit.test_m8_repository_and_spatial" name="test_five_tables_import_in_arbitrary_order[order2]" time="0.154" /><testcase classname="tests.unit.test_m8_repository_and_spatial" name="test_duplicate_append_is_reported_and_not_silently_added" time="0.009" /><testcase classname="tests.unit.test_m8_repository_and_spatial" name="test_append_replace_and_cancel_retain_audit_rows" time="0.004" /><testcase classname="tests.unit.test_m8_repository_and_spatial" name="test_raw_formal_excluded_pending_round_trip" time="0.062" /><testcase classname="tests.unit.test_m8_repository_and_spatial" name="test_m7_archive_migrates_all_demo_rows_without_loss" time="0.784" /><testcase classname="tests.unit.test_m8_repository_and_spatial" name="test_table_changes_invalidate_only_real_workflow_dependencies" time="0.003" /><testcase classname="tests.unit.test_m8_repository_and_spatial" name="test_repeated_save_autosave_and_reopen_preserve_database" time="0.036" /><testcase classname="tests.unit.test_m8_repository_and_spatial" name="test_edit_and_delete_keep_original_values_and_history" time="0.003" /><testcase classname="tests.unit.test_m8_repository_and_spatial" name="test_automatic_bounds_include_complete_trajectory_and_observations" time="0.006" /><testcase classname="tests.unit.test_m8_repository_and_spatial" name="test_collar_inside_but_trajectory_outside_is_reported" time="0.005" /><testcase classname="tests.unit.test_m8_repository_and_spatial" name="test_manual_insufficient_boundary_has_recommended_expansion" time="0.008" /><testcase classname="tests.unit.test_m8_repository_and_spatial" name="test_anisotropic_voxel_dimensions_use_ceil_and_memory_is_exact" time="0.001" /><testcase classname="tests.unit.test_m8_repository_and_spatial" name="test_generation_domain_contains_analysis_and_uses_axis_buffers" time="0.001" /><testcase classname="tests.unit.test_m8_repository_and_spatial" name="test_spatial_domains_round_trip_in_dfnproj" time="0.011" /><testcase classname="tests.unit.test_m8_repository_and_spatial" name="test_grid_summary_does_not_create_dense_voxel_array" time="0.001" /><testcase classname="tests.unit.test_m8_repository_and_spatial" name="test_preview_grid_lines_are_lod_bounded_for_huge_grid" time="0.078" /><testcase classname="tests.unit.test_m9_dip_only" name="test_model_preserves_missing_and_real_zero_and_rejects_none_normal" time="0.002" /><testcase classname="tests.unit.test_m9_dip_only" name="test_repository_quality_retains_dip_only_and_audits_360_fix" time="0.008" /><testcase classname="tests.unit.test_m9_dip_only" name="test_mode_a_counts_dip_only_but_mode_b_clusters_full_orientation_only" time="0.002" /><testcase classname="tests.unit.test_m9_dip_only" name="test_fisher_uses_full_orientation_and_reports_dip_statistics" time="0.002" /><testcase classname="tests.unit.test_m9_dip_only" name="test_p10_counts_assigned_dip_only_without_fabricating_unassigned_set" time="0.028" /><testcase classname="tests.unit.test_m9_dip_only" name="test_p32_uses_domain_set_model_or_returns_explicit_unavailable_state" time="0.061" /><testcase classname="tests.unit.test_m9_dip_only" name="test_orientation_fit_requires_three_full_records" time="0.002" /><testcase classname="tests.unit.test_m9_dip_only" name="test_mode_a_preserves_dip_only_only_set_identity_without_fake_fisher" time="0.002" /><testcase classname="tests.unit.test_m9_layer_manager" name="test_same_slice_replaced_ten_times_has_one_actor_and_record" time="0.001" /><testcase classname="tests.unit.test_m9_layer_manager" name="test_visibility_opacity_remove_and_clear_are_namespaced" time="0.001" /><testcase classname="tests.unit.test_m9_layer_manager" name="test_missing_layer_operations_are_safe_and_invalid_registration_fails" time="0.001" /><testcase classname="tests.unit.test_m9_layer_manager" name="test_slice_location_and_actor_name_are_stable" time="0.001" /><testcase classname="tests.unit.test_m9_parameter_field" name="test_idw_exact_point_domain_isolation_and_anisotropy" time="0.002" /><testcase classname="tests.unit.test_m9_parameter_field" name="test_parameter_field_total_and_cell_states" time="0.003" /><testcase classname="tests.unit.test_m9_parameter_field" name="test_parameter_field_cancellation_and_memory_estimate" time="0.006" /><testcase classname="tests.unit.test_m9_parameter_field" name="test_idw_without_fallback_returns_no_data_outside_search_radius" time="0.001" /><testcase classname="tests.unit.test_orientation_statistics.TestCoordinateRoundTrip" name="test_dip_round_trip[0-0]" time="0.001" /><testcase classname="tests.unit.test_orientation_statistics.TestCoordinateRoundTrip" name="test_dip_round_trip[0-30]" time="0.001" /><testcase classname="tests.unit.test_orientation_statistics.TestCoordinateRoundTrip" name="test_dip_round_trip[0-60]" time="0.001" /><testcase classname="tests.unit.test_orientation_statistics.TestCoordinateRoundTrip" name="test_dip_round_trip[0-90]" time="0.001" /><testcase classname="tests.unit.test_orientation_statistics.TestCoordinateRoundTrip" name="test_dip_round_trip[45-0]" time="0.001" /><testcase classname="tests.unit.test_orientation_statistics.TestCoordinateRoundTrip" name="test_dip_round_trip[45-30]" time="0.001" /><testcase classname="tests.unit.test_orientation_statistics.TestCoordinateRoundTrip" name="test_dip_round_trip[45-60]" time="0.001" /><testcase classname="tests.unit.test_orientation_statistics.TestCoordinateRoundTrip" name="test_dip_round_trip[45-90]" time="0.001" /><testcase classname="tests.unit.test_orientation_statistics.TestCoordinateRoundTrip" name="test_dip_round_trip[90-0]" time="0.002" /><testcase classname="tests.unit.test_orientation_statistics.TestCoordinateRoundTrip" name="test_dip_round_trip[90-30]" time="0.001" /><testcase classname="tests.unit.test_orientation_statistics.TestCoordinateRoundTrip" name="test_dip_round_trip[90-60]" time="0.001" /><testcase classname="tests.unit.test_orientation_statistics.TestCoordinateRoundTrip" name="test_dip_round_trip[90-90]" time="0.001" /><testcase classname="tests.unit.test_orientation_statistics.TestCoordinateRoundTrip" name="test_dip_round_trip[180-0]" time="0.001" /><testcase classname="tests.unit.test_orientation_statistics.TestCoordinateRoundTrip" name="test_dip_round_trip[180-30]" time="0.002" /><testcase classname="tests.unit.test_orientation_statistics.TestCoordinateRoundTrip" name="test_dip_round_trip[180-60]" time="0.001" /><testcase classname="tests.unit.test_orientation_statistics.TestCoordinateRoundTrip" name="test_dip_round_trip[180-90]" time="0.001" /><testcase classname="tests.unit.test_orientation_statistics.TestCoordinateRoundTrip" name="test_dip_round_trip[270-0]" time="0.001" /><testcase classname="tests.unit.test_orientation_statistics.TestCoordinateRoundTrip" name="test_dip_round_trip[270-30]" time="0.001" /><testcase classname="tests.unit.test_orientation_statistics.TestCoordinateRoundTrip" name="test_dip_round_trip[270-60]" time="0.001" /><testcase classname="tests.unit.test_orientation_statistics.TestCoordinateRoundTrip" name="test_dip_round_trip[270-90]" time="0.001" /><testcase classname="tests.unit.test_orientation_statistics.TestOrientationStatistics" name="test_less_than_3_observations_raises" time="0.002" /><testcase classname="tests.unit.test_orientation_statistics.TestOrientationStatistics" name="test_multi_set_fisher_stats" time="0.002" /><testcase classname="tests.unit.test_orientation_statistics.TestOrientationStatistics" name="test_no_set_id_skipped" time="0.002" /><testcase classname="tests.unit.test_orientation_statistics.TestOrientationStatistics" name="test_all_no_set_id_returns_empty" time="0.001" /><testcase classname="tests.unit.test_orientation_statistics.TestOrientationStatistics" name="test_tightly_clustered_gives_high_kappa" time="0.001" /><testcase classname="tests.unit.test_orientation_statistics.TestOrientationStatistics" name="test_dispersed_gives_low_kappa" time="0.002" /><testcase classname="tests.unit.test_orientation_statistics.TestOrientationStatistics" name="test_dip_recovery[0]" time="0.002" /><testcase classname="tests.unit.test_orientation_statistics.TestOrientationStatistics" name="test_dip_recovery[30]" time="0.002" /><testcase classname="tests.unit.test_orientation_statistics.TestOrientationStatistics" name="test_dip_recovery[60]" time="0.001" /><testcase classname="tests.unit.test_orientation_statistics.TestOrientationStatistics" name="test_dip_recovery[90]" time="0.002" /><testcase classname="tests.unit.test_orientation_statistics.TestOrientationStatistics" name="test_dd_recovery[0]" time="0.002" /><testcase classname="tests.unit.test_orientation_statistics.TestOrientationStatistics" name="test_dd_recovery[45]" time="0.002" /><testcase classname="tests.unit.test_orientation_statistics.TestOrientationStatistics" name="test_dd_recovery[90]" time="0.002" /><testcase classname="tests.unit.test_orientation_statistics.TestOrientationStatistics" name="test_dd_recovery[180]" time="0.002" /><testcase classname="tests.unit.test_orientation_statistics.TestOrientationStatistics" name="test_dd_recovery[270]" time="0.001" /><testcase classname="tests.unit.test_orientation_statistics.TestOrientationStatistics" name="test_kappa_small_sample_correction" time="0.001" /><testcase classname="tests.unit.test_orientation_statistics.TestOrientationStatistics" name="test_kappa_large_sample" time="0.002" /><testcase classname="tests.unit.test_orientation_statistics.TestOrientationStatistics" name="test_uniform_distribution" time="0.002" /><testcase classname="tests.unit.test_orientation_statistics.TestOrientationStatistics" name="test_min_observations_is_3" time="0.001" /><testcase classname="tests.unit.test_orientation_statistics.TestOrientationStatistics" name="test_locate_all_observations_3d" time="0.010" /><testcase classname="tests.unit.test_orientation_statistics.TestOrientationStatistics" name="test_locate_observations_returns_empty_for_no_obs" time="0.001" /><testcase classname="tests.unit.test_project_persistence.TestProjectMetadata" name="test_defaults" time="0.001" /><testcase classname="tests.unit.test_project_persistence.TestProjectMetadata" name="test_custom" time="0.001" /><testcase classname="tests.unit.test_project_persistence.TestProjectConfig" name="test_defaults" time="0.001" /><testcase classname="tests.unit.test_project_persistence.TestProject" name="test_empty_project" time="0.001" /><testcase classname="tests.unit.test_project_persistence.TestProject" name="test_serialize_roundtrip" time="0.002" /><testcase classname="tests.unit.test_project_persistence.TestProject" name="test_json_roundtrip" time="0.002" /><testcase classname="tests.unit.test_project_persistence.TestProject" name="test_save_load_file" time="0.039" /><testcase classname="tests.unit.test_project_persistence.TestProject" name="test_model_volume" time="0.001" /><testcase classname="tests.unit.test_project_persistence.TestProject" name="test_create_sample_project" time="0.001" /><testcase classname="tests.unit.test_project_persistence.TestProject" name="test_joint_set_ids_unique" time="0.001" /><testcase classname="tests.unit.test_project_persistence.TestProjectStore" name="test_new_project" time="0.001" /><testcase classname="tests.unit.test_project_persistence.TestProjectStore" name="test_save_as" time="0.036" /><testcase classname="tests.unit.test_project_persistence.TestProjectStore" name="test_open" time="0.038" /><testcase classname="tests.unit.test_project_persistence.TestProjectStore" name="test_close" time="0.001" /><testcase classname="tests.unit.test_project_persistence.TestProjectStore" name="test_save_without_project_raises" time="0.001" /><testcase classname="tests.unit.test_project_persistence.TestProjectStore" name="test_open_nonexistent_raises" time="0.001" /><testcase classname="tests.unit.test_project_persistence.TestProjectStore" name="test_open_corrupted" time="0.003" /><testcase classname="tests.unit.test_project_persistence.TestProjectStore" name="test_backup_on_save" time="0.079" /><testcase classname="tests.unit.test_project_persistence.TestRecentProjectsManager" name="test_add_and_list" time="0.004" /><testcase classname="tests.unit.test_project_persistence.TestRecentProjectsManager" name="test_remove" time="0.004" /><testcase classname="tests.unit.test_project_persistence.TestRecentProjectsManager" name="test_max_recent" time="0.045" /><testcase classname="tests.unit.test_project_persistence.TestRecentProjectsManager" name="test_clear" time="0.004" /><testcase classname="tests.unit.test_review_package" name="test_source_build_succeeds_without_sample_data" time="0.023" /><testcase classname="tests.unit.test_review_package" name="test_source_build_succeeds_without_resources" time="0.024" /><testcase classname="tests.unit.test_review_package" name="test_missing_src_fails_clearly" time="0.014" /><testcase classname="tests.unit.test_review_package" name="test_optional_directory_status_records_omissions" time="0.012" /><testcase classname="tests.unit.test_review_package" name="test_source_zip_excludes_local_and_large_data" time="0.031" /><testcase classname="tests.unit.test_size_distribution.TestFixedDistribution" name="test_mean_radius" time="0.001" /><testcase classname="tests.unit.test_size_distribution.TestFixedDistribution" name="test_mean_squared_radius" time="0.001" /><testcase classname="tests.unit.test_size_distribution.TestFixedDistribution" name="test_sample_vs_theory" time="0.002" /><testcase classname="tests.unit.test_size_distribution.TestFixedDistribution" name="test_p32_from_fixed" time="0.001" /><testcase classname="tests.unit.test_size_distribution.TestLogNormalDistribution" name="test_mean_radius" time="0.001" /><testcase classname="tests.unit.test_size_distribution.TestLogNormalDistribution" name="test_mean_squared_radius" time="0.001" /><testcase classname="tests.unit.test_size_distribution.TestLogNormalDistribution" name="test_sample_close_to_theory" time="0.004" /><testcase classname="tests.unit.test_size_distribution.TestLogNormalDistribution" name="test_jensens_gap_log_normal" time="0.001" /><testcase classname="tests.unit.test_size_distribution.TestPowerLawDistribution" name="test_mean_radius_d[1.5]" time="0.001" /><testcase classname="tests.unit.test_size_distribution.TestPowerLawDistribution" name="test_mean_radius_d[2.0]" time="0.001" /><testcase classname="tests.unit.test_size_distribution.TestPowerLawDistribution" name="test_mean_radius_d[2.5]" time="0.001" /><testcase classname="tests.unit.test_size_distribution.TestPowerLawDistribution" name="test_mean_radius_d[3.0]" time="0.001" /><testcase classname="tests.unit.test_size_distribution.TestPowerLawDistribution" name="test_mean_radius_d[4.0]" time="0.001" /><testcase classname="tests.unit.test_size_distribution.TestPowerLawDistribution" name="test_mean_squared_radius_d[1.5]" time="0.001" /><testcase classname="tests.unit.test_size_distribution.TestPowerLawDistribution" name="test_mean_squared_radius_d[2.0]" time="0.001" /><testcase classname="tests.unit.test_size_distribution.TestPowerLawDistribution" name="test_mean_squared_radius_d[2.5]" time="0.001" /><testcase classname="tests.unit.test_size_distribution.TestPowerLawDistribution" name="test_mean_squared_radius_d[3.0]" time="0.001" /><testcase classname="tests.unit.test_size_distribution.TestPowerLawDistribution" name="test_mean_squared_radius_d[4.0]" time="0.001" /><testcase classname="tests.unit.test_size_distribution.TestPowerLawDistribution" name="test_sample_vs_theory_power_law[1.5]" time="0.004" /><testcase classname="tests.unit.test_size_distribution.TestPowerLawDistribution" name="test_sample_vs_theory_power_law[2.0]" time="0.004" /><testcase classname="tests.unit.test_size_distribution.TestPowerLawDistribution" name="test_sample_vs_theory_power_law[2.5]" time="0.005" /><testcase classname="tests.unit.test_size_distribution.TestPowerLawDistribution" name="test_sample_vs_theory_power_law[3.0]" time="0.004" /><testcase classname="tests.unit.test_size_distribution.TestPowerLawDistribution" name="test_sample_vs_theory_power_law[4.0]" time="0.004" /><testcase classname="tests.unit.test_size_distribution.TestPowerLawDistribution" name="test_p32_convergence_power_law" time="0.002" /><testcase classname="tests.unit.test_size_distribution.TestPowerLawDistribution" name="test_d1_special_case" time="0.001" /><testcase classname="tests.unit.test_size_distribution.TestPowerLawDistribution" name="test_d2_special_case" time="0.004" /><testcase classname="tests.unit.test_size_distribution.TestPowerLawDistribution" name="test_d3_special_case" time="0.001" /><testcase classname="tests.unit.test_size_distribution.TestTruncatedPowerLawDistribution" name="test_same_as_power_law" time="0.001" /><testcase classname="tests.unit.test_size_distribution.TestTruncatedPowerLawDistribution" name="test_sample_vs_theory_tpl" time="0.004" /><testcase classname="tests.unit.test_size_distribution.TestExponentialDistribution" name="test_mean_radius" time="0.001" /><testcase classname="tests.unit.test_size_distribution.TestExponentialDistribution" name="test_mean_squared_radius" time="0.001" /><testcase classname="tests.unit.test_size_distribution.TestExponentialDistribution" name="test_sample_vs_theory_exponential" time="0.003" /><testcase classname="tests.unit.test_size_distribution.TestExponentialDistribution" name="test_samples_within_truncation_bounds" time="0.002" /><testcase classname="tests.unit.test_size_distribution.TestGeneralPowerLaw" name="test_d25_mean_radius" time="0.001" /><testcase classname="tests.unit.test_size_distribution.TestGeneralPowerLaw" name="test_d25_mean_squared_radius" time="0.001" /><testcase classname="tests.unit.test_size_distribution.TestGeneralPowerLaw" name="test_d25_sample_vs_theory" time="0.004" /><testcase classname="tests.unit.test_size_distribution.TestGeneralPowerLaw" name="test_denom_near_zero_returns_min" time="0.001" /><testcase classname="tests.unit.test_size_distribution.TestGeneralPowerLaw" name="test_general_d_vs_d3" time="0.001" /><testcase classname="tests.unit.test_size_distribution.TestLogNormalTruncation" name="test_tight_bounds" time="0.001" /><testcase classname="tests.unit.test_size_distribution.TestLogNormalTruncation" name="test_wide_bounds" time="0.003" /><testcase classname="tests.unit.test_size_distribution.TestExpectedFractureCount" name="test_fixed_count" time="0.001" /><testcase classname="tests.unit.test_size_distribution.TestExpectedFractureCount" name="test_power_law_count" time="0.001" /><testcase classname="tests.unit.test_size_distribution.TestExpectedFractureCount" name="test_zero_radius_returns_positive_count" time="0.001" /><testcase classname="tests.unit.test_size_distribution.TestOrientationDistribution" name="test_angular_std_dev_large_kappa" time="0.001" /><testcase classname="tests.unit.test_size_distribution.TestOrientationDistribution" name="test_angular_std_dev_small_kappa" time="0.001" /><testcase classname="tests.unit.test_size_distribution.TestSizeDistributionEdgeCases" name="test_default_distribution_type" time="0.001" /><testcase classname="tests.unit.test_size_distribution.TestSizeDistributionEdgeCases" name="test_validate_radius_range_raises" time="0.001" /><testcase classname="tests.unit.test_size_distribution.TestSizeDistributionEdgeCases" name="test_mean_radius_default_else_branch" time="0.001" /><testcase classname="tests.unit.test_size_distribution.TestSizeDistributionEdgeCases" name="test_mean_squared_radius_default_else" time="0.001" /><testcase classname="tests.unit.test_size_distribution.TestSizeDistributionEdgeCases" name="test_truncated_power_law_d2_e2r" time="0.001" /><testcase classname="tests.unit.test_size_distribution.TestSizeDistributionEdgeCases" name="test_truncated_power_law_d3_mean_radius" time="0.001" /><testcase classname="tests.unit.test_size_distribution.TestSizeDistributionEdgeCases" name="test_truncated_power_law_d1_mean_radius" time="0.001" /><testcase classname="tests.unit.test_size_distribution.TestSizeDistributionEdgeCases" name="test_truncated_power_law_all_d_values" time="0.001" /><testcase classname="tests.unit.test_size_distribution.TestSizeDistributionEdgeCases" name="test_power_law_d1_mean_squared" time="0.001" /><testcase classname="tests.unit.test_size_distribution.TestSizeDistributionEdgeCases" name="test_power_law_all_d_values" time="0.001" /><testcase classname="tests.unit.test_size_distribution.TestSizeDistributionEdgeCases" name="test_default_fallback_branch" time="0.001" /><testcase classname="tests.unit.test_vector.TestNormalize" name="test_unit_x" time="0.001" /><testcase classname="tests.unit.test_vector.TestNormalize" name="test_already_unit" time="0.001" /><testcase classname="tests.unit.test_vector.TestNormalize" name="test_arbitrary_vector" time="0.001" /><testcase classname="tests.unit.test_vector.TestNormalize" name="test_zero_vector_raises" time="0.001" /><testcase classname="tests.unit.test_vector.TestLength" name="test_simple" time="0.001" /><testcase classname="tests.unit.test_vector.TestLength" name="test_zero" time="0.001" /><testcase classname="tests.unit.test_vector.TestDot" name="test_orthogonal" time="0.002" /><testcase classname="tests.unit.test_vector.TestDot" name="test_parallel" time="0.001" /><testcase classname="tests.unit.test_vector.TestCross" name="test_right_hand_rule" time="0.001" /><testcase classname="tests.unit.test_vector.TestCross" name="test_anticommutative" time="0.001" /><testcase classname="tests.unit.test_vector.TestAngleBetween" name="test_orthogonal" time="0.001" /><testcase classname="tests.unit.test_vector.TestAngleBetween" name="test_acute" time="0.001" /><testcase classname="tests.unit.test_vector.TestAngleBetween" name="test_parallel" time="0.001" /><testcase classname="tests.unit.test_vector.TestDistance" name="test_simple" time="0.001" /><testcase classname="tests.unit.test_vector.TestDistance" name="test_same_point" time="0.001" /><testcase classname="tests.unit.test_vector.TestMidpoint" name="test_simple" time="0.001" /><testcase classname="tests.unit.test_vector.TestProjectPointToLine" name="test_projection" time="0.001" /><testcase classname="tests.unit.test_vector.TestProjectPointToPlane" name="test_to_xy_plane" time="0.001" /><testcase classname="tests.unit.test_vector.TestAreParallel" name="test_parallel" time="0.001" /><testcase classname="tests.unit.test_vector.TestAreParallel" name="test_not_parallel" time="0.001" /><testcase classname="tests.unit.test_vector.TestAreOrthogonal" name="test_orthogonal" time="0.001" /><testcase classname="tests.unit.test_vector.TestAreOrthogonal" name="test_not_orthogonal" time="0.001" /><testcase classname="tests.unit.test_vector.TestPlaneFromThreePoints" name="test_xy_plane" time="0.001" /><testcase classname="tests.unit.test_vector.TestPlaneFromThreePoints" name="test_collinear_raises" time="0.001" /><testcase classname="tests.unit.test_vector.TestPolygonArea3D" name="test_unit_square" time="0.001" /><testcase classname="tests.unit.test_vector.TestPolygonArea3D" name="test_triangle" time="0.001" /><testcase classname="tests.unit.test_vector.TestPolygonArea3D" name="test_fewer_than_3_vertices" time="0.001" /><testcase classname="tests.unit.test_voxel_grid.TestVoxelChunk" name="test_create_chunk" time="0.001" /><testcase classname="tests.unit.test_voxel_grid.TestVoxelChunk" name="test_ensure_attr" time="0.001" /><testcase classname="tests.unit.test_voxel_grid.TestVoxelChunk" name="test_set_get_voxel" time="0.001" /><testcase classname="tests.unit.test_voxel_grid.TestVoxelChunk" name="test_out_of_bounds" time="0.001" /><testcase classname="tests.unit.test_voxel_grid.TestVoxelChunk" name="test_active_count" time="0.001" /><testcase classname="tests.unit.test_voxel_grid.TestVoxelChunk" name="test_is_empty" time="0.001" /><testcase classname="tests.unit.test_voxel_grid.TestVoxelChunk" name="test_multiple_attributes" time="0.001" /><testcase classname="tests.unit.test_voxel_grid.TestVoxelGrid" name="test_create_small_grid" time="0.001" /><testcase classname="tests.unit.test_voxel_grid.TestVoxelGrid" name="test_chunk_layout" time="0.001" /><testcase classname="tests.unit.test_voxel_grid.TestVoxelGrid" name="test_world_to_voxel" time="0.001" /><testcase classname="tests.unit.test_voxel_grid.TestVoxelGrid" name="test_voxel_to_world" time="0.001" /><testcase classname="tests.unit.test_voxel_grid.TestVoxelGrid" name="test_roundtrip" time="0.001" /><testcase classname="tests.unit.test_voxel_grid.TestVoxelGrid" name="test_is_inside" time="0.001" /><testcase classname="tests.unit.test_voxel_grid.TestVoxelGrid" name="test_set_get_voxel" time="0.001" /><testcase classname="tests.unit.test_voxel_grid.TestVoxelGrid" name="test_sparse_no_chunk_for_unused" time="0.001" /><testcase classname="tests.unit.test_voxel_grid.TestVoxelGrid" name="test_chunk_created_on_write" time="0.001" /><testcase classname="tests.unit.test_voxel_grid.TestVoxelGrid" name="test_is_active" time="0.001" /><testcase classname="tests.unit.test_voxel_grid.TestVoxelGrid" name="test_apply_box_mask" time="0.135" /><testcase classname="tests.unit.test_voxel_grid.TestVoxelGrid" name="test_apply_partial_mask" time="0.016" /><testcase classname="tests.unit.test_voxel_grid.TestVoxelGrid" name="test_iter_active_voxels" time="0.004" /><testcase classname="tests.unit.test_voxel_grid.TestVoxelGrid" name="test_memory_estimate" time="0.001" /><testcase classname="tests.unit.test_voxel_grid.TestVoxelGrid" name="test_summary" time="0.001" /><testcase classname="tests.unit.test_voxel_grid.TestVoxelGrid" name="test_grid_from_bounds" time="0.001" /><testcase classname="tests.unit.test_voxel_grid.TestVoxelGrid" name="test_memory_estimation_static" time="0.001" /><testcase classname="tests.unit.test_voxel_grid.TestVoxelGrid" name="test_dangerous_detection" time="0.001" /><testcase classname="tests.unit.test_voxel_grid.TestVoxelGrid" name="test_safe_resolution" time="0.001" /><testcase classname="tests.integration.test_borehole_pipeline.TestBoreholeImportTrajectoryPipeline" name="test_import_straight_vertical_hole" time="0.006" /><testcase classname="tests.integration.test_borehole_pipeline.TestBoreholeImportTrajectoryPipeline" name="test_import_with_survey_straight" time="0.008" /><testcase classname="tests.integration.test_borehole_pipeline.TestBoreholeImportTrajectoryPipeline" name="test_import_with_fractures" time="0.008" /><testcase classname="tests.integration.test_borehole_pipeline.TestBoreholeImportTrajectoryPipeline" name="test_mandatory_field_rejection" time="0.005" /><testcase classname="tests.integration.test_borehole_pipeline.TestBoreholeImportTrajectoryPipeline" name="test_locate_fractures_in_3d" time="0.001" /><testcase classname="tests.integration.test_borehole_pipeline.TestBoreholeImportTrajectoryPipeline" name="test_duplicate_id_detection" time="0.005" /><testcase classname="tests.integration.test_dfn_pipeline.TestDFNPipeline" name="test_generation_produces_fractures" time="0.129" /><testcase classname="tests.integration.test_dfn_pipeline.TestDFNPipeline" name="test_reproducibility" time="0.401" /><testcase classname="tests.integration.test_dfn_pipeline.TestDFNPipeline" name="test_different_seeds_different_results" time="0.264" /><testcase classname="tests.integration.test_dfn_pipeline.TestDFNPipeline" name="test_multi_set_generation" time="0.437" /><testcase classname="tests.integration.test_dfn_pipeline.TestDFNPipeline" name="test_p32_convergence_fixed_size" time="0.126" /><testcase classname="tests.integration.test_dfn_pipeline.TestDFNPipeline" name="test_lognormal_size_produces_variable_radii" time="0.100" /><testcase classname="tests.integration.test_dfn_pipeline.TestP32Calculation" name="test_lognormal_jensens_gap" time="0.001" /><testcase classname="tests.integration.test_dfn_pipeline.TestP32Calculation" name="test_fixed_radius_no_jensens_gap" time="0.001" /><testcase classname="tests.integration.test_m10_persistence_export" name="test_m10_batch_save_reopen_arrays_and_seeds_are_identical" time="0.102" /><testcase classname="tests.integration.test_m10_persistence_export" name="test_multiscale_settings_subgrid_and_size_class_round_trip" time="0.031" /><testcase classname="tests.integration.test_m10_persistence_export" name="test_multiprocess_realizations_are_stably_sorted_and_reproducible" time="2.872" /><testcase classname="tests.integration.test_m10_persistence_export" name="test_worker_count_does_not_change_seeded_geometry[2]" time="1.358" /><testcase classname="tests.integration.test_m10_persistence_export" name="test_worker_count_does_not_change_seeded_geometry[4]" time="2.043" /><testcase classname="tests.integration.test_m10_persistence_export" name="test_worker_count_does_not_change_seeded_geometry[8]" time="4.254" /><testcase classname="tests.integration.test_m10_persistence_export" name="test_m10_exports_are_readable_and_complete" time="0.056" /><testcase classname="tests.integration.test_m10_persistence_export" name="test_project_m10_npz_is_compressed_once_and_outer_zip_entry_is_stored" time="0.026" /><testcase classname="tests.integration.test_m10_persistence_export" name="test_v091_project_schema_migrates_to_empty_m10_state" time="0.002" /><testcase classname="tests.integration.test_m10_persistence_export" name="test_saved_unreleased_m10_geometry_is_migrated_on_real_project_open" time="0.029" /><testcase classname="tests.integration.test_m10_persistence_export" name="test_cancelled_batch_leaves_existing_project_state_untouched" time="0.008" /><testcase classname="tests.integration.test_m10_persistence_export" name="test_conditioning_uses_only_calibration_full_orientation_records" time="0.007" /><testcase classname="tests.integration.test_m10_persistence_export" name="test_imported_m10_deterministic_csv_and_seed_42_single_sample_generate_successfully" time="0.006" /><testcase classname="tests.integration.test_m10_persistence_export" name="test_seed_42_single_sample_normals_are_identical_after_project_reopen" time="0.033" /><testcase classname="tests.integration.test_m10_persistence_export" name="test_dip_only_density_evidence_is_provenance_not_a_fabricated_direction" time="0.005" /><testcase classname="tests.integration.test_m10_persistence_export" name="test_m10_project_store_consecutive_save_and_autosave" time="0.047" /><testcase classname="tests.integration.test_m10_persistence_export" name="test_large_m10_state_is_explicitly_skipped_by_synchronous_autosave" time="0.023" /><testcase classname="tests.integration.test_m10_persistence_export" name="test_deterministic_csv_import_is_transactional_and_audited" time="0.004" /><testcase classname="tests.integration.test_m10_persistence_export" name="test_legacy_json_save_is_rejected_instead_of_silently_losing_m10_arrays" time="0.009" /><testcase classname="tests.integration.test_m9_dip_only_persistence" name="test_csv_without_direction_column_imports_dip_only" time="0.009" /><testcase classname="tests.integration.test_m9_dip_only_persistence" name="test_xlsx_without_direction_and_partial_direction_import" time="0.029" /><testcase classname="tests.integration.test_m9_dip_only_persistence" name="test_dfnproj_round_trip_uses_json_null_and_preserves_real_zero" time="0.020" /><testcase classname="tests.integration.test_m9_dip_only_persistence" name="test_v090_migration_preserves_ambiguous_zero_with_audit_warning" time="0.013" /><testcase classname="tests.integration.test_m9_dip_only_persistence" name="test_mixed_orientation_fixture_has_exact_audit_counts" time="0.009" /><testcase classname="tests.integration.test_m9_persistence" name="test_m9_state_and_arrays_round_trip" time="0.013" /><testcase classname="tests.integration.test_m9_persistence" name="test_m8_project_model_migrates_to_empty_m9_state" time="0.001" /><testcase classname="tests.integration.test_m9_persistence" name="test_experimental_size_fit_status_round_trips" time="0.017" /><testcase classname="tests.scientific.test_intersection_scientific.TestFractureFractureIntersection" name="test_orthogonal_intersecting" time="0.002" /><testcase classname="tests.scientific.test_intersection_scientific.TestFractureFractureIntersection" name="test_parallel_separated" time="0.001" /><testcase classname="tests.scientific.test_intersection_scientific.TestFractureFractureIntersection" name="test_coplanar_separated" time="0.001" /><testcase classname="tests.scientific.test_intersection_scientific.TestFractureFractureIntersection" name="test_coplanar_touching" time="0.001" /><testcase classname="tests.scientific.test_intersection_scientific.TestFractureFractureIntersection" name="test_skew_non_intersecting" time="0.001" /><testcase classname="tests.scientific.test_intersection_scientific.TestFractureFractureIntersection" name="test_brute_force_known_cases" time="0.002" /><testcase classname="tests.scientific.test_intersection_scientific.TestIntersectionDetail" name="test_orthogonal_at_origin_returns_segment" time="0.002" /><testcase classname="tests.scientific.test_intersection_scientific.TestIntersectionDetail" name="test_non_intersecting_returns_none" time="0.001" /><testcase classname="tests.scientific.test_intersection_scientific.TestIntersectionDetail" name="test_segment_endpoints_are_on_both_planes" time="0.002" /><testcase classname="tests.scientific.test_intersection_scientific.TestIntersectionDetail" name="test_parallel_coplanar_returns_segment" time="0.001" /><testcase classname="tests.scientific.test_intersection_scientific.TestDiskAABBIntersection" name="test_disk_inside_box" time="0.001" /><testcase classname="tests.scientific.test_intersection_scientific.TestDiskAABBIntersection" name="test_disk_outside_box" time="0.001" /><testcase classname="tests.scientific.test_intersection_scientific.TestDiskAABBIntersection" name="test_disk_cutting_box_edge" time="0.001" /><testcase classname="tests.scientific.test_intersection_scientific.TestDiskAABBIntersection" name="test_diagonal_disk_through_box" time="0.001" /><testcase classname="tests.scientific.test_m10_explicit_dfn" name="test_two_p32_voxels_three_sets_and_semantic_empty_cells" time="0.008" /><testcase classname="tests.scientific.test_m9_intensity" name="test_p10_known_result_and_boundary_is_counted_once" time="0.004" /><testcase classname="tests.scientific.test_m9_intensity" name="test_direction_corrected_p32_is_seeded_and_finite" time="0.048" /><testcase classname="tests.scientific.test_m9_intensity" name="test_validation_intervals_are_never_used_in_fit" time="0.018" /><testcase classname="tests.scientific.test_m9_intensity" name="test_low_observability_does_not_emit_extreme_p32" time="0.027" /><testcase classname="tests.scientific.test_m9_intensity" name="test_fixed_p10_interval_splits_at_domain_boundary_and_counts_boundary_once" time="0.006" /><testcase classname="tests.scientific.test_m9_intensity" name="test_fixed_p10_multiple_domain_splits_conserve_trajectory_length" time="0.008" /><testcase classname="tests.scientific.test_m9_size_models" name="test_manual_distribution_moments_match_seeded_sampling" time="0.052" /><testcase classname="tests.scientific.test_m9_size_models" name="test_mle_recovers_synthetic_lognormal_and_records_scores" time="0.024" /><testcase classname="tests.scientific.test_m9_size_models" name="test_failed_optimizer_is_explicit_and_does_not_publish_parameters" time="0.002" /><testcase classname="tests.scientific.test_minimum_curvature.TestMinimumCurvatureScientific" name="test_straight_vertical_hole" time="0.001" /><testcase classname="tests.scientific.test_minimum_curvature.TestMinimumCurvatureScientific" name="test_straight_horizontal_hole" time="0.001" /><testcase classname="tests.scientific.test_minimum_curvature.TestMinimumCurvatureScientific" name="test_45_degree_inclined_straight_hole" time="0.001" /><testcase classname="tests.scientific.test_minimum_curvature.TestMinimumCurvatureScientific" name="test_survey_straight_hole_matches_no_survey" time="0.002" /><testcase classname="tests.scientific.test_minimum_curvature.TestMinimumCurvatureScientific" name="test_quarter_circle_approximation" time="0.002" /><testcase classname="tests.scientific.test_minimum_curvature.TestMinimumCurvatureScientific" name="test_rf_factor_greater_than_one" time="0.001" /><testcase classname="tests.scientific.test_minimum_curvature.TestMinimumCurvatureScientific" name="test_tangential_vs_minimum_curvature" time="0.002" /><testcase classname="tests.end_to_end.test_m7_pipeline.TestM7RealFileImport" name="test_collars_import_nonzero" time="0.006" /><testcase classname="tests.end_to_end.test_m7_pipeline.TestM7RealFileImport" name="test_surveys_import_153_rows" time="0.003" /><testcase classname="tests.end_to_end.test_m7_pipeline.TestM7RealFileImport" name="test_fractures_import_nonzero" time="0.025" /><testcase classname="tests.end_to_end.test_m7_pipeline.TestM7RealFileImport" name="test_rqd_import_nonzero" time="0.003" /><testcase classname="tests.end_to_end.test_m7_pipeline.TestM7RealFileImport" name="test_domain_intervals_import_nonzero" time="0.003" /><testcase classname="tests.end_to_end.test_m7_pipeline.TestM7RealFileImport" name="test_set_id_preserved" time="0.022" /><testcase classname="tests.end_to_end.test_m7_pipeline.TestM7RealFileImport" name="test_no_zero_import_for_nonempty_files" time="0.007" /><testcase classname="tests.end_to_end.test_m7_pipeline.TestM7FullImportIntoProject" name="test_all_five_types_import_to_project" time="0.106" /><testcase classname="tests.end_to_end.test_m7_pipeline.TestM7FullImportIntoProject" name="test_round_trip_exact_counts" time="0.490" /><testcase classname="tests.end_to_end.test_m7_pipeline.TestM7FullImportIntoProject" name="test_workflow_transitions_on_real_data" time="0.006" /><testcase classname="tests.end_to_end.test_m7_pipeline.TestM7Pipeline" name="test_full_m7_workflow" time="0.682" /><testcase classname="tests.end_to_end.test_m7_pipeline.TestM7Pipeline" name="test_m7_dfproj_round_trip" time="0.595" /><testcase classname="tests.end_to_end.test_m9_pipeline" name="test_complete_m9_demo_pipeline_save_reopen_and_export" time="46.718" /><testcase classname="tests.end_to_end.test_pipeline.TestEndToEndPipeline" name="test_csv_import" time="0.006" /><testcase classname="tests.end_to_end.test_pipeline.TestEndToEndPipeline" name="test_borehole_trajectory" time="0.016" /><testcase classname="tests.end_to_end.test_pipeline.TestEndToEndPipeline" name="test_fracture_import_with_set_id" time="0.026" /><testcase classname="tests.end_to_end.test_pipeline.TestEndToEndPipeline" name="test_dfn_reproducibility" time="0.013" /><testcase classname="tests.end_to_end.test_pipeline.TestEndToEndPipeline" name="test_voxel_area_conservation" time="0.010" /><testcase classname="tests.end_to_end.test_pipeline.TestEndToEndPipeline" name="test_connectivity_pipeline" time="0.421" /><testcase classname="tests.end_to_end.test_pipeline.TestEndToEndPipeline" name="test_percolation_detection" time="0.429" /><testcase classname="tests.end_to_end.test_pipeline.TestEndToEndPipeline" name="test_voxel_pipeline" time="1.794" /><testcase classname="tests.end_to_end.test_pipeline.TestEndToEndPipeline" name="test_full_workflow" time="4.098" /></testsuite></testsuites>