<?xml version="1.0" encoding="utf-8"?><testsuites name="pytest tests"><testsuite name="pytest" errors="0" failures="0" skipped="0" tests="113" time="21.891" timestamp="2026-08-28T06:33:23.697667+00:00" hostname="runnervmeef0v"><testcase classname="tests.gui.test_collar_field_mapping" name="test_m10_collars_preview_and_stage_use_the_same_automatic_mapping" time="0.035" /><testcase classname="tests.gui.test_collar_field_mapping" name="test_standard_field_cells_have_one_combo_after_ten_previews_for_every_data_type" time="1.214" /><testcase classname="tests.gui.test_collar_field_mapping" name="test_switching_collars_and_surveys_removes_old_mapping_widgets" time="0.062" /><testcase classname="tests.gui.test_collar_field_mapping" name="test_m7_dialog_uses_the_same_m10_collar_alias_mapping" time="0.025" /><testcase classname="tests.gui.test_collar_field_mapping" name="test_m8_dialog_blocks_missing_required_and_reports_ambiguous_mapping" time="0.024" /><testcase classname="tests.gui.test_gui_smoke.TestMainWindowCreation" name="test_main_window_created" time="0.078" /><testcase classname="tests.gui.test_gui_smoke.TestMainWindowCreation" name="test_status_bar_exists" time="0.075" /><testcase classname="tests.gui.test_gui_smoke.TestMainWindowCreation" name="test_menu_bar_exists" time="0.072" /><testcase classname="tests.gui.test_gui_smoke.TestMainWindowCreation" name="test_project_tree_exists" time="0.065" /><testcase classname="tests.gui.test_gui_smoke.TestMainWindowCreation" name="test_log_message_works" time="0.073" /><testcase classname="tests.gui.test_gui_smoke.TestMainWindowCreation" name="test_set_status_works" time="0.061" /><testcase classname="tests.gui.test_gui_smoke.TestNewProjectAndSave" name="test_new_project_creates_state" time="0.077" /><testcase classname="tests.gui.test_gui_smoke.TestNewProjectAndSave" name="test_save_dfproj_via_model" time="0.093" /><testcase classname="tests.gui.test_gui_smoke.TestNewProjectAndSave" name="test_save_and_reopen_with_data" time="0.109" /><testcase classname="tests.gui.test_gui_smoke.TestMainWindowClose" name="test_window_closes_cleanly" time="0.078" /><testcase classname="tests.gui.test_gui_smoke.TestMainWindowClose" name="test_second_window_also_closes" time="0.011" /><testcase classname="tests.gui.test_gui_smoke.TestDataImport" name="test_import_demo_data" time="0.032" /><testcase classname="tests.gui.test_gui_smoke.TestRenderCallsAvailable" name="test_render_bounds_box_callable" time="0.078" /><testcase classname="tests.gui.test_gui_smoke.TestRenderCallsAvailable" name="test_load_project_callable" time="0.077" /><testcase classname="tests.gui.test_gui_smoke.TestRenderCallsAvailable" name="test_save_project_to_callable" time="0.069" /><testcase classname="tests.gui.test_gui_smoke.TestRenderCallsAvailable" name="test_restore_project_to_ui_callable" time="0.073" /><testcase classname="tests.gui.test_gui_smoke.TestRenderCallsAvailable" name="test_fake_plotter_has_required_methods" time="0.062" /><testcase classname="tests.gui.test_joint_set_cluster_count" name="test_identify_button_displays_exact_requested_rows[4]" time="0.417" /><testcase classname="tests.gui.test_joint_set_cluster_count" name="test_identify_button_displays_exact_requested_rows[5]" time="0.053" /><testcase classname="tests.gui.test_joint_set_cluster_count" name="test_identify_button_displays_exact_requested_rows[6]" time="0.053" /><testcase classname="tests.gui.test_m10_dialog" name="test_generate_button_then_ok_commits_complete_realization" time="0.017" /><testcase classname="tests.gui.test_m10_dialog" name="test_cancel_after_generation_rolls_back_project" time="0.014" /><testcase classname="tests.gui.test_m10_dialog" name="test_render_buttons_replace_actor_and_display_does_not_change_science" time="0.043" /><testcase classname="tests.gui.test_m10_dialog" name="test_layer_buttons_are_safe_without_selection" time="0.009" /><testcase classname="tests.gui.test_m10_dialog" name="test_multiscale_controls_defaults_manual_switch_estimate_and_color_modes" time="0.027" /><testcase classname="tests.gui.test_m10_dialog" name="test_outside_deterministic_import_warns_through_real_button" time="0.014" /><testcase classname="tests.gui.test_m10_dialog" name="test_render_modes_rebuild_without_duplicate_actors_or_visible_counts" time="0.026" /><testcase classname="tests.gui.test_m7_dialog_lifecycle.TestDomainDialog" name="test_global_shows_11_rows" time="0.055" /><testcase classname="tests.gui.test_m7_dialog_lifecycle.TestDomainDialog" name="test_domain1_shows_5_rows" time="0.103" /><testcase classname="tests.gui.test_m7_dialog_lifecycle.TestDomainDialog" name="test_domain2_shows_5_rows" time="0.110" /><testcase classname="tests.gui.test_m7_dialog_lifecycle.TestDomainDialog" name="test_domain3_shows_1_row" time="0.106" /><testcase classname="tests.gui.test_m7_dialog_lifecycle.TestDomainDialog" name="test_intervals_persist_across_dialog_reopen" time="0.049" /><testcase classname="tests.gui.test_m7_dialog_lifecycle.TestDomainDialog" name="test_cancel_discards_domain_edits" time="0.046" /><testcase classname="tests.gui.test_m7_dialog_lifecycle.TestDomainDialog" name="test_overlapping_domain_blocks_commit_and_workflow" time="0.046" /><testcase classname="tests.gui.test_m7_dialog_lifecycle.TestHoldoutDialog" name="test_holdout_state_persists_across_dialog_reopen" time="0.054" /><testcase classname="tests.gui.test_m7_dialog_lifecycle.TestHoldoutDialog" name="test_manual_selection_and_lock" time="0.156" /><testcase classname="tests.gui.test_m7_dialog_lifecycle.TestHoldoutDialog" name="test_cancel_discards_holdout_and_workflow_changes" time="0.053" /><testcase classname="tests.gui.test_m7_dialog_lifecycle.TestCleaningDialog" name="test_check_phase_is_idempotent" time="0.254" /><testcase classname="tests.gui.test_m7_dialog_lifecycle.TestCleaningDialog" name="test_close_reopen_does_not_duplicate" time="0.237" /><testcase classname="tests.gui.test_m7_dialog_lifecycle.TestImportAndJointSetPendingState" name="test_fracture_import_cancel_and_repeat_leave_project_unchanged" time="0.059" /><testcase classname="tests.gui.test_m7_dialog_lifecycle.TestImportAndJointSetPendingState" name="test_fracture_import_report_and_audit_rows" time="0.025" /><testcase classname="tests.gui.test_m7_dialog_lifecycle.TestImportAndJointSetPendingState" name="test_five_boreholes_can_identify_joint_sets" time="0.049" /><testcase classname="tests.gui.test_m7_dialog_lifecycle.TestImportAndJointSetPendingState" name="test_accept_auto_fixes_then_ok_produces_148" time="0.219" /><testcase classname="tests.gui.test_m7_dialog_lifecycle.TestImportAndJointSetPendingState" name="test_reopen_after_accept_still_148" time="0.336" /><testcase classname="tests.gui.test_m7_dialog_lifecycle.TestImportAndJointSetPendingState" name="test_filtered_exclusion_uses_issue_identity_and_removes_invalid_data" time="0.104" /><testcase classname="tests.gui.test_m7_final_validation.TestCSVFieldMapping" name="test_nonstandard_csv_imports_correct_boreholes" time="0.132" /><testcase classname="tests.gui.test_m7_final_validation.TestCSVFieldMapping" name="test_missing_required_blocks_import" time="0.076" /><testcase classname="tests.gui.test_m7_final_validation.TestXLSXImport" name="test_xlsx_collars_import" time="0.476" /><testcase classname="tests.gui.test_m7_final_validation.TestXLSXImport" name="test_xlsx_all_five_types" time="0.402" /><testcase classname="tests.gui.test_m7_final_validation.TestStructuralDomainPersistence" name="test_domain_properties_roundtrip" time="0.529" /><testcase classname="tests.gui.test_m7_final_validation.TestStructuralDomainPersistence" name="test_domain4_without_intervals_persists" time="0.507" /><testcase classname="tests.gui.test_m7_final_validation.TestMainWindowRoundTrip" name="test_save_as_new_open_save_preserves_all_state" time="2.934" /><testcase classname="tests.gui.test_m7_final_validation.TestJointSetReproducibility" name="test_identical_seed_produces_identical_counts" time="0.123" /><testcase classname="tests.gui.test_m7_final_validation.TestJointSetReproducibility" name="test_different_seed_assigns_all_calibration_fractures" time="0.082" /><testcase classname="tests.gui.test_m7_mainwindow_roundtrip.TestMainWindowRoundTrip" name="test_save_open_roundtrip_restores_all_state" time="0.500" /><testcase classname="tests.gui.test_m7_mainwindow_roundtrip.TestMainWindowRoundTrip" name="test_mainwindow_adopt_project_after_open" time="0.496" /><testcase classname="tests.gui.test_m7_mainwindow_roundtrip.TestMainWindowRoundTrip" name="test_dfnproj_save_as_then_save_remains_zip" time="0.875" /><testcase classname="tests.gui.test_m7_mainwindow_roundtrip.TestMainWindowRoundTrip" name="test_dfnproj_auto_save_remains_zip" time="0.837" /><testcase classname="tests.gui.test_m7_mainwindow_roundtrip.TestMainWindowRoundTrip" name="test_accepted_m7_dialog_marks_project_dirty[holdout]" time="0.061" /><testcase classname="tests.gui.test_m7_mainwindow_roundtrip.TestMainWindowRoundTrip" name="test_accepted_m7_dialog_marks_project_dirty[domains]" time="0.063" /><testcase classname="tests.gui.test_m7_mainwindow_roundtrip.TestMainWindowRoundTrip" name="test_accepted_m7_dialog_marks_project_dirty[joint_sets]" time="0.062" /><testcase classname="tests.gui.test_m7_mainwindow_roundtrip.TestNewProjectClears" name="test_new_project_resets_workflow" time="0.083" /><testcase classname="tests.gui.test_m7_mainwindow_roundtrip.TestNewProjectClears" name="test_new_project_clears_boreholes" time="0.077" /><testcase classname="tests.gui.test_m7_mainwindow_roundtrip.TestNewProjectClears" name="test_new_project_clears_fake_plotter_actors" time="0.015" /><testcase classname="tests.gui.test_m8_database_ui" name="test_database_panel_displays_real_rows_fields_and_counts" time="0.007" /><testcase classname="tests.gui.test_m8_database_ui" name="test_import_dialog_cancel_restores_project" time="0.006" /><testcase classname="tests.gui.test_m8_database_ui" name="test_staged_import_cancel_does_not_stale_workflow" time="0.005" /><testcase classname="tests.gui.test_m8_database_ui" name="test_import_dialog_accept_reports_committed_change" time="0.005" /><testcase classname="tests.gui.test_m8_database_ui" name="test_panel_cancel_keeps_clean_and_accepted_change_marks_dirty" time="0.008" /><testcase classname="tests.gui.test_m8_database_ui" name="test_quality_dialog_is_real_transactional_interface" time="0.011" /><testcase classname="tests.gui.test_m8_database_ui" name="test_quality_buttons_apply_demo_fixes_once_and_refresh_real_table" time="0.728" /><testcase classname="tests.gui.test_m8_database_ui" name="test_quality_button_batch_failure_rolls_back_database_issues_and_workflow" time="0.474" /><testcase classname="tests.gui.test_m8_database_ui" name="test_quality_path_a_auto_fix_then_ok_returns_to_main_window" time="0.526" /><testcase classname="tests.gui.test_m8_database_ui" name="test_quality_path_b_auto_fix_confirm_exclusions_then_ok_returns" time="0.615" /><testcase classname="tests.gui.test_m8_database_ui" name="test_quality_path_c_complete_then_ok_keeps_main_interactive_without_auto_holdout" time="0.683" /><testcase classname="tests.gui.test_m8_database_ui" name="test_workflow_data_quality_entry_opens_quality_dialog" time="0.015" /><testcase classname="tests.gui.test_m8_database_ui" name="test_new_project_save_routes_to_save_as" time="0.015" /><testcase classname="tests.gui.test_m8_database_ui" name="test_recent_dfnproj_uses_unified_load_and_restores_state" time="0.035" /><testcase classname="tests.gui.test_m8_database_ui" name="test_bounds_and_voxel_workflow_confirm_independently" time="0.021" /><testcase classname="tests.gui.test_m9_dip_only_ui" name="test_import_dialog_without_direction_column_marks_dip_only_and_required_fields" time="0.018" /><testcase classname="tests.gui.test_m9_dip_only_ui" name="test_import_dialog_cancel_rolls_back_dip_only_rows" time="0.017" /><testcase classname="tests.gui.test_m9_dip_only_ui" name="test_mode_a_table_shows_dip_only_only_set_without_fake_orientation" time="0.004" /><testcase classname="tests.gui.test_m9_layer_management" name="test_render_replace_and_all_layer_buttons_preserve_science" time="0.041" /><testcase classname="tests.gui.test_m9_layer_management" name="test_visible_checkbox_and_no_selection_buttons_are_safe" time="0.021" /><testcase classname="tests.gui.test_m9_layer_management" name="test_render_failure_leaves_no_layer_entry" time="0.019" /><testcase classname="tests.gui.test_m9_layer_management" name="test_new_and_open_project_clear_session_layers" time="0.146" /><testcase classname="tests.gui.test_m9_release_corrections" name="test_reopened_project_voxel_ok_without_changes_preserves_all_m9" time="0.034" /><testcase classname="tests.gui.test_m9_release_corrections" name="test_preview_only_change_does_not_invalidate_m9" time="0.011" /><testcase classname="tests.gui.test_m9_release_corrections" name="test_generation_domain_only_change_does_not_invalidate_m9" time="0.011" /><testcase classname="tests.gui.test_m9_release_corrections" name="test_analysis_domain_change_stales_only_spatial_m9_results" time="0.011" /><testcase classname="tests.gui.test_m9_release_corrections" name="test_voxel_spacing_change_stales_only_spatial_m9_steps" time="0.029" /><testcase classname="tests.gui.test_m9_release_corrections" name="test_voxel_dialog_cancel_rolls_back_project_workflow_dirty_and_m9" time="0.011" /><testcase classname="tests.gui.test_m9_release_corrections" name="test_density_dialog_restores_all_saved_controls_and_noop_ok" time="0.006" /><testcase classname="tests.gui.test_m9_workflow" name="test_density_and_size_buttons_commit_real_m9_state" time="0.059" /><testcase classname="tests.gui.test_m9_workflow" name="test_parameter_field_button_runs_in_worker_and_can_close" time="0.020" /><testcase classname="tests.gui.test_m9_workflow" name="test_cancel_restores_project_and_workflow" time="0.019" /><testcase classname="tests.gui.test_main_window.TestMainWindowCreation" name="test_window_creation" time="0.069" /><testcase classname="tests.gui.test_main_window.TestMainWindowCreation" name="test_window_size" time="0.069" /><testcase classname="tests.gui.test_main_window.TestMainWindowMenus" name="test_menu_bar_exists" time="0.077" /><testcase classname="tests.gui.test_main_window.TestMainWindowMenus" name="test_file_menu" time="0.077" /><testcase classname="tests.gui.test_main_window.TestMainWindowMenus" name="test_help_about" time="0.065" /><testcase classname="tests.gui.test_main_window.TestMainWindowDocks" name="test_project_dock_exists" time="0.062" /><testcase classname="tests.gui.test_main_window.TestMainWindowDocks" name="test_log_widget" time="0.073" /><testcase classname="tests.gui.test_main_window.TestMainWindowWorkflows" name="test_non_blocking_callbacks" time="0.063" /><testcase classname="tests.gui.test_main_window.TestMainWindowWorkflows" name="test_view_commands" time="0.059" /><testcase classname="tests.gui.test_main_window.TestMainWindowWorkflows" name="test_export_callbacks" time="0.060" /><testcase classname="tests.gui.test_main_window.TestMainWindowWorkflows" name="test_status_and_progress" time="0.061" /><testcase classname="tests.gui.test_main_window.TestMainWindowWorkflows" name="test_project_tree" time="0.062" /></testsuite></testsuites>